Microsoft (R) Macro Assembler  Version 4.00                 3/27/20 07:52:50

CHKDSK Messages                                             Page     1-1
                                                            

       1                                TITLE   CHKDSK Messages 
       2                                 
       3 = 0000                         FALSE   EQU     0 
       4 = FFFF                         TRUE    EQU     NOT FALSE 
       5                                 
       6                                .list 
       7 0000                           CODE    SEGMENT PUBLIC BYTE 
       8 0000                           CODE    ENDS 
       9                                 
      10 0000                           CONST   SEGMENT PUBLIC BYTE 
      11                                        EXTRN   HIDSIZ:WORD,HIDCNT:WORD
					,DIRCNT:WORD,DIRSIZ:WORD,FILCNT:WORD 
      12                                        EXTRN   FILSIZ:WORD,ORPHCNT:WOR
					D,ORPHSIZ:WORD,BADSIZ:WORD,LCLUS:WORD 
      13                                        EXTRN   DOFIX:BYTE 
      14 0000                           CONST   ENDS 
      15                                 
      16 0000                           DATA    SEGMENT PUBLIC BYTE 
      17                                        EXTRN   DSIZE:WORD 
      18 0000                           DATA    ENDS 
      19                                 
      20                                DG      GROUP   CODE,CONST,DATA 
      21                                 
      22                                 
      23 0000                           CODE    SEGMENT PUBLIC BYTE 
      24                                ASSUME  CS:DG,DS:DG,ES:DG,SS:DG 
      25                                 
      26                                        PUBLIC  RDSKERR,WDSKERR,SETSWIT
					CH,PROMPTYN,DOINT26,CHAINREPORT,REPORT 
      27                                        EXTRN   RDONE:NEAR,PRTCHR:NEAR,
					PRINT:NEAR,DOCRLF:NEAR 
      28                                        EXTRN   DISP16BITS:NEAR,FINDCHA
					IN:NEAR 
      29                                        EXTRN   DISP32BITS:NEAR,DISPCLU
					S:NEAR 
      30                                 
      31 0000                           DOINT26: 
      32 0000  51                               PUSH    CX 
      33 0001  50                               PUSH    AX 
      34 0002  52                               PUSH    DX 
      35 0003  53                               PUSH    BX 
      36 0004  CD 26                            INT     26H 
      37 0006  A2 0000 E                        MOV     [HECODE],AL 
      38 0009  58                               POP     AX                     
					 ;FLAGS 
      39 000A  5B                               POP     BX 
      40 000B  5A                               POP     DX 
      41 000C  58                               POP     AX 
      42 000D  59                               POP     CX 
      43 000E  73 08                            JNC     RET23 
      44 0010  BE 0182 R                        MOV     SI,OFFSET DG:WRITING 
      45 0013  E8 0021 R                        CALL    DSKERR 
      46 0016  74 E8                            JZ      DOINT26 
      47 0018  C3                       RET23:  RET 
Microsoft (R) Macro Assembler  Version 4.00                 3/27/20 07:52:50

CHKDSK Messages                                             Page     1-2
                                                            

      48                                 
      49 0019                           RDSKERR: 
      50 0019  BE 017D R                        MOV     SI,OFFSET DG:READING 
      51 001C  EB 03                            JMP     SHORT DSKERR 
      52                                 
      53 001E                           WDSKERR: 
      54 001E  BE 0182 R                        MOV     SI,OFFSET DG:WRITING 
      55 0021                           DSKERR: 
      56 0021  50                               PUSH    AX 
      57 0022  53                               PUSH    BX 
      58 0023  51                               PUSH    CX 
      59 0024  52                               PUSH    DX 
      60 0025  57                               PUSH    DI 
      61 0026  06                               PUSH    ES 
      62 0027  A0 0000 E                        MOV     AL,[HECODE] 
      63 002A  3C 0C                            CMP     AL,12 
      64 002C  76 02                            JBE     HAVCOD 
      65 002E  B0 0C                            MOV     AL,12 
      66 0030                           HAVCOD: 
      67 0030  32 E4                            XOR     AH,AH 
      68 0032  8B F8                            MOV     DI,AX 
      69 0034  D1 E7                            SHL     DI,1 
      70 0036  8B 95 0000 R                     MOV     DX,WORD PTR [DI+MESBAS]
					 ; Get pointer to error message 
      71 003A  E8 0000 E                        CALL    PRINT          ; Print 
					error type 
      72 003D  BA 0187 R                        MOV     DX,OFFSET DG:ERRMES 
      73 0040  E8 0000 E                        CALL    PRINT 
      74 0043  8B D6                            MOV     DX,SI 
      75 0045  E8 0000 E                        CALL    PRINT 
      76 0048  BA 018F R                        MOV     DX,OFFSET DG:DRVMES 
      77 004B  E8 0000 E                        CALL    PRINT 
      78 004E                           ASK: 
      79 004E  BA 019D R                        MOV     DX,OFFSET DG:REQUEST 
      80 0051  E8 0000 E                        CALL    PRINT 
      81 0054  B8 0C01                          MOV     AX,(STD_CON_INPUT_FLUSH
					 SHL 8)+STD_CON_INPUT 
      82 0057  CD 21                            INT     21H             ; Get r
					esponse 
      83 0059  50                               PUSH    AX 
      84 005A  E8 0000 E                        CALL    DOCRLF 
      85 005D  58                               POP     AX 
      86 005E  0C 20                            OR      AL,20H          ; Conve
					rt to lower case 
      87 0060  3C 69                            CMP     AL,"i"          ; Ignor
					e? 
      88 0062  74 0B                            JZ      EEXITNZ 
      89 0064  3C 72                            CMP     AL,"r"          ; Retry
					? 
      90 0066  74 09                            JZ      EEXIT 
      91 0068  3C 61                            CMP     AL,"a"          ; Abort
					? 
      92 006A  75 E2                            JNZ     ASK 
      93 006C  E9 0000 E                        JMP     RDONE 
Microsoft (R) Macro Assembler  Version 4.00                 3/27/20 07:52:50

CHKDSK Messages                                             Page     1-3
                                                            

      94                                 
      95 006F                           EEXITNZ: 
      96 006F  0A C0                            OR      AL,AL           ; Reset
					s zero flag 
      97 0071                           EEXIT: 
      98 0071  07                               POP     ES 
      99 0072  5F                               POP     DI 
     100 0073  5A                               POP     DX 
     101 0074  59                               POP     CX 
     102 0075  5B                               POP     BX 
     103 0076  58                               POP     AX 
     104 0077  C3                               RET 
     105                                 
     106 0078                           PROMPTYN: 
     107                                ;Prompt message in DX 
     108                                ;Prompt user for Y or N answer. Zero se
					t if Y 
     109 0078  56                               PUSH    SI 
     110 0079  E8 0000 E                        CALL    PRINT 
     111 007C                           PAGAIN: 
     112 007C  BA 0585 R                        MOV     DX,OFFSET DG:YES_NO 
     113 007F  E8 0000 E                        CALL    PRINT 
     114 0082  BA 0000 E                        MOV     DX,OFFSET DG:CONBUF 
     115 0085  B4 0A                            MOV     AH,STD_CON_STRING_INPUT
					 
     116 0087  CD 21                            INT     21H 
     117 0089  E8 0000 E                        CALL    DOCRLF 
     118 008C  BE 0002 E                        MOV     SI,OFFSET DG:CONBUF+2 
     119 008F  80 7C FF 00                      CMP     BYTE PTR [SI-1],0 
     120 0093  74 E7                            JZ      PAGAIN 
     121 0095  AC                               LODSB 
     122 0096  0C 20                            OR      AL,20H          ;Conver
					t to lower case 
     123 0098  3C 79                            CMP     AL,'y' 
     124 009A  74 08                            JZ      GOTANS 
     125 009C  3C 6E                            CMP     AL,'n' 
     126 009E  74 02                            JZ      GOTNANS 
     127 00A0  EB DA                            JMP     PAGAIN 
     128 00A2                           GOTNANS: 
     129 00A2  0A C0                            OR      AL,AL           ;Reset 
					zero 
     130 00A4                           GOTANS: 
     131 00A4  5E                               POP     SI 
     132 00A5  C3                               RET 
     133                                 
     134 00A6                           SETSWITCH: 
     135                                ;Look for F or V switch in command line
					 
     136 00A6  BE 0080                          MOV     SI,80H 
     137 00A9  AC                               LODSB 
     138 00AA  8B FE                            MOV     DI,SI 
     139 00AC  8A C8                            MOV     CL,AL 
     140 00AE  32 ED                            XOR     CH,CH 
     141 00B0  E3 43                            JCXZ    RET10           ;No par
Microsoft (R) Macro Assembler  Version 4.00                 3/27/20 07:52:50

CHKDSK Messages                                             Page     1-4
                                                            

					ameters 
     142 00B2  A0 0000 E                        MOV     AL,[SWITCHAR] 
     143 00B5                           MORESCAN: 
     144 00B5  F2/ AE                           REPNZ   SCASB 
     145 00B7  75 3C                            JNZ     RET10 
     146 00B9  E3 22                            JCXZ    BADSWITCHA 
     147 00BB  8A 25                            MOV     AH,[DI] 
     148 00BD  47                               INC     DI 
     149 00BE  80 CC 20                         OR      AH,20H          ;Conver
					t to lower case 
     150 00C1  80 FC 66                         CMP     AH,'f' 
     151 00C4  75 06                            JNZ     CHECKV 
     152 00C6  FE 06 0000 E                     INC     [DOFIX] 
     153 00CA  EB 0E                            JMP     SHORT CHEKMORE 
     154 00CC                           CHECKV: 
     155 00CC  80 FC 76                         CMP     AH,'v' 
     156 00CF  74 05                            JZ      SETNOISY 
     157 00D1  E8 00DF R                        CALL    BADSWITCH 
     158 00D4  EB 04                            JMP     SHORT CHEKMORE 
     159 00D6                           SETNOISY: 
     160 00D6  FE 06 0000 E                     INC     [NOISY] 
     161 00DA                           CHEKMORE: 
     162 00DA  E2 D9                            LOOP    MORESCAN 
     163 00DC  C3                               RET 
     164                                 
     165 00DD                           BADSWITCHA: 
     166 00DD  B4 20                            MOV     AH,' '                 
					 ;Print a non switch 
     167 00DF                           BADSWITCH: 
     168 00DF  50                               PUSH    AX 
     169 00E0  8A 16 0000 E                     MOV     DL,[SWITCHAR] 
     170 00E4  E8 0000 E                        CALL    PRTCHR 
     171 00E7  58                               POP     AX 
     172 00E8  50                               PUSH    AX 
     173 00E9  8A D4                            MOV     DL,AH 
     174 00EB  E8 0000 E                        CALL    PRTCHR 
     175 00EE  BA 0053 R                        MOV     DX,OFFSET DG:BADSWMES 
     176 00F1  E8 0000 E                        CALL    PRINT 
     177 00F4  58                               POP     AX 
     178 00F5  C3                       RET10:  RET 
     179                                 
     180                                 
     181                                ;**************************************
					 
     182                                ; Prints XXX lost clusters found in YYY
					 chains message 
     183                                ; On entry SI is the XXX value and the 
					YYY value is 
     184                                ; in ORPHCNT. 
     185                                ; NOTE: 
     186                                ;       The DISP16BITS routine prints t
					he number in DI:SI followed 
     187                                ;          by the message pointed to by
					 BX. If it is desired to 
Microsoft (R) Macro Assembler  Version 4.00                 3/27/20 07:52:50

CHKDSK Messages                                             Page     1-5
                                                            

     188                                ;          print a message before the f
					irst number, point at the 
     189                                ;          message with DX and call PRI
					NT. 
     190                                 
     191 00F6                           CHAINREPORT: 
     192 00F6  33 FF                            XOR     DI,DI 
     193 00F8  BB 03EC R                        MOV     BX,OFFSET DG:ORPHMES2 
     194 00FB  E8 0000 E                        CALL    DISP16BITS 
     195 00FE  E8 0000 E                        CALL    FINDCHAIN 
     196 0101  BB 0405 R                        MOV     BX,OFFSET DG:CHNUMMES 
     197 0104  8B 36 0000 E                     MOV     SI,[ORPHCNT] 
     198 0108  33 FF                            XOR     DI,DI 
     199 010A  E8 0000 E                        CALL    DISP16BITS             
					 ;Tell user how many chains found 
     200 010D  C3                               RET 
     201                                 
     202                                ;**************************************
					*** 
     203                                ;Prints all of the reporting data 
     204                                ;NOTE: 
     205                                ;       The DISPCLUS, DISP16BITS and DI
					SP32BITS routines 
     206                                ;          print the number in DI:SI fo
					llowed 
     207                                ;          by the message pointed to by
					 BX. If it is desired to 
     208                                ;          print a message before the f
					irst number, point at the 
     209                                ;          message with DX and call PRI
					NT. 
     210                                 
     211 010E                           REPORT: 
     212 010E  A1 0000 E                        MOV     AX,[DSIZE] 
     213 0111  BB 0441 R                        MOV     BX,OFFSET DG:DSKSPC 
     214 0114  E8 0000 E                        CALL    DISPCLUS               
					 ;Total size 
     215 0117  83 3E 0000 E 00                  CMP     [HIDCNT],0 
     216 011C  74 15                            JZ      USERLIN 
     217 011E  A1 0000 E                        MOV     AX,[HIDSIZ]            
					 ;Hidden files 
     218 0121  BB 045B R                        MOV     BX,OFFSET DG:INMES 
     219 0124  E8 0000 E                        CALL    DISPCLUS 
     220 0127  8B 36 0000 E                     MOV     SI,[HIDCNT] 
     221 012B  33 FF                            XOR     DI,DI 
     222 012D  BB 04AB R                        MOV     BX,OFFSET DG:HIDMES 
     223 0130  E8 0000 E                        CALL    DISP16BITS 
     224 0133                           USERLIN: 
     225 0133  83 3E 0000 E 00                  CMP     [DIRCNT],0 
     226 0138  74 15                            JZ      DIRLIN 
     227 013A  A1 0000 E                        MOV     AX,[DIRSIZ] 
     228 013D  BB 045B R                        MOV     BX,OFFSET DG:INMES 
     229 0140  E8 0000 E                        CALL    DISPCLUS 
     230 0143  8B 36 0000 E                     MOV     SI,[DIRCNT] 
Microsoft (R) Macro Assembler  Version 4.00                 3/27/20 07:52:50

CHKDSK Messages                                             Page     1-6
                                                            

     231 0147  33 FF                            XOR     DI,DI 
     232 0149  BB 04BB R                        MOV     BX,OFFSET DG:DIRMES 
     233 014C  E8 0000 E                        CALL    DISP16BITS 
     234 014F                           DIRLIN: 
     235 014F  83 3E 0000 E 00                  CMP     [FILCNT],0 
     236 0154  74 15                            JZ      ORPHLIN 
     237 0156  A1 0000 E                        MOV     AX,[FILSIZ]            
					 ;Regular files 
     238 0159  BB 045B R                        MOV     BX,OFFSET DG:INMES 
     239 015C  E8 0000 E                        CALL    DISPCLUS 
     240 015F  8B 36 0000 E                     MOV     SI,[FILCNT] 
     241 0163  33 FF                            XOR     DI,DI 
     242 0165  BB 0485 R                        MOV     BX,OFFSET DG:FILEMES 
     243 0168  E8 0000 E                        CALL    DISP16BITS 
     244 016B                           ORPHLIN: 
     245 016B  A1 0000 E                        MOV     AX,[ORPHSIZ] 
     246 016E  0B C0                            OR      AX,AX 
     247 0170  74 1C                            JZ      BADLIN 
     248 0172  BB 045B R                        MOV     BX,OFFSET DG:INMES     
					 ;Orphans 
     249 0175  80 3E 0000 E 00                  CMP     [DOFIX],0 
     250 017A  75 03                            JNZ     ALLSET1 
     251 017C  BB 0466 R                        MOV     BX,OFFSET DG:INMES2    
					 ;Orphans 
     252 017F                           ALLSET1: 
     253 017F  E8 0000 E                        CALL    DISPCLUS 
     254 0182  8B 36 0000 E                     MOV     SI,[ORPHCNT] 
     255 0186  33 FF                            XOR     DI,DI 
     256 0188  BB 042E R                        MOV     BX,OFFSET DG:ORPHMES 
     257 018B  E8 0000 E                        CALL    DISP16BITS 
     258 018E                           BADLIN: 
     259 018E  A1 0000 E                        MOV     AX,[BADSIZ] 
     260 0191  0B C0                            OR      AX,AX 
     261 0193  74 06                            JZ      AVAILIN 
     262 0195  BB 0493 R                        MOV     BX,OFFSET DG:BADSPC    
					 ;Bad sectors 
     263 0198  E8 0000 E                        CALL    DISPCLUS 
     264 019B                           AVAILIN: 
     265 019B  A1 0000 E                        MOV     AX,[DSIZE] 
     266 019E  2B 06 0000 E                     SUB     AX,[DIRSIZ] 
     267 01A2  2B 06 0000 E                     SUB     AX,[FILSIZ] 
     268 01A6  2B 06 0000 E                     SUB     AX,[HIDSIZ] 
     269 01AA  2B 06 0000 E                     SUB     AX,[BADSIZ] 
     270 01AE  2B 06 0000 E                     SUB     AX,[ORPHSIZ] 
     271 01B2  2B 06 0000 E                     SUB     AX,[LCLUS] 
     272 01B6  BB 04CA R                        MOV     BX,OFFSET DG:FRESPC 
     273 01B9  E8 0000 E                        CALL    DISPCLUS               
					 ;Free space is whats left 
     274 01BC  A1 0002                          MOV     AX,DS:WORD PTR [2]     
					 ;Find out about memory 
     275 01BF  BA 0010                          MOV     DX,16 
     276 01C2  F7 E2                            MUL     DX 
     277 01C4  8B F0                            MOV     SI,AX 
     278 01C6  8B FA                            MOV     DI,DX 
Microsoft (R) Macro Assembler  Version 4.00                 3/27/20 07:52:50

CHKDSK Messages                                             Page     1-7
                                                            

     279 01C8  BB 04E7 R                        MOV     BX,OFFSET DG:TOTMEM 
     280 01CB  E8 0000 E                        CALL    DISP32BITS 
     281 01CE  A1 0002                          MOV     AX,DS:WORD PTR [2] 
     282 01D1  8C CA                            MOV     DX,CS 
     283 01D3  2B C2                            SUB     AX,DX 
     284 01D5  BA 0010                          MOV     DX,16 
     285 01D8  F7 E2                            MUL     DX 
     286 01DA  8B F0                            MOV     SI,AX 
     287 01DC  8B FA                            MOV     DI,DX 
     288 01DE  BB 04FD R                        MOV     BX,OFFSET DG:FREMEM 
     289 01E1  E8 0000 E                        CALL    DISP32BITS 
     290 01E4  C3                               RET 
     291                                 
     292 01E5                           CODE    ENDS 
     293                                 
     294                                 
     295 0000                           CONST   SEGMENT PUBLIC BYTE 
     296                                 
     297                                        EXTRN   HECODE:BYTE,SWITCHAR:BY
					TE,NOISY:BYTE,DOFIX:BYTE,CONBUF:BYTE 
     298                                 
     299                                        PUBLIC  CRLF2,CRLF,BADVER,BADDR
					V 
     300                                        PUBLIC  BADSUBDIR,CENTRY,CLUSBA
					D,BADATT,BADSIZM 
     301                                        PUBLIC  FIXMES,DIRECMES,CDDDMES
					 
     302                                        PUBLIC  FREEBYMESF_PRE,FREEBYME
					S_PRE,FREEBYMESF_POST,FREEBYMES_POST 
     303                                        PUBLIC  CREATMES,NDOTMES 
     304                                        PUBLIC  BADTARG1,BADTARG2,BADCD
					,FATALMES,BADRDMES 
     305                                        PUBLIC  BADDRVM,STACKMES,BADDPB
					DIR 
     306                                        PUBLIC  BADDRVM2 
     307                                        PUBLIC  NULNZ,NULDMES,BADCLUS,N
					ORECDOT 
     308                                        PUBLIC  NORECDDOT,IDMES1,IDPOST
					,VNAME,TCHAR 
     309                                        PUBLIC  MONTAB,BADREAD_PRE,BADR
					EAD_POST,BADWRITE_PRE 
     310                                        PUBLIC  BADWRITE_POST,BADCHAIN,
					CROSSMES_PRE,CROSSMES_POST 
     311                                        PUBLIC  FREEMES 
     312                                        PUBLIC  OPNERR 
     313                                        PUBLIC  CONTAINS,EXTENTS,NOEXTE
					NTS,INDENT 
     314                                        PUBLIC  BADIDBYT,PTRANDIR,PTRAN
					DIR2 
     315                                 
     316                                 
     317 0000  01B4 R                   MESBAS  DW      OFFSET DG:ERR0 
     318 0002  01C2 R                           DW      OFFSET DG:ERR1 
     319 0004  01CB R                           DW      OFFSET DG:ERR2 
Microsoft (R) Macro Assembler  Version 4.00                 3/27/20 07:52:50

CHKDSK Messages                                             Page     1-8
                                                            

     320 0006  01D5 R                           DW      OFFSET DG:ERR3 
     321 0008  01E1 R                           DW      OFFSET DG:ERR4 
     322 000A  01E6 R                           DW      OFFSET DG:ERR5 
     323 000C  01F6 R                           DW      OFFSET DG:ERR6 
     324 000E  01FB R                           DW      OFFSET DG:ERR7 
     325 0010  0208 R                           DW      OFFSET DG:ERR8 
     326 0012  0219 R                           DW      OFFSET DG:ERR9 
     327 0014  0222 R                           DW      OFFSET DG:ERR10 
     328 0016  022E R                           DW      OFFSET DG:ERR11 
     329 0018  0239 R                           DW      OFFSET DG:ERR12 
     330                                 
     331 001A  0D 0A                    CRLF2   DB      13,10 
     332 001C  0D 0A 24                 CRLF    DB      13,10,"$" 
     333                                 
     334                                ;Messages 
     335                                 
     336 001F  49 6E 63 6F 72 72 65     BADVER  DB      "Incorrect DOS version"
					,13,10,"$" 
     337       63 74 20 44 4F 53 20     
     338       76 65 72 73 69 6F 6E     
     339       0D 0A 24                 
     340 0037  49 6E 76 61 6C 69 64     BADDRV  DB      "Invalid drive specific
					ation$" 
     341       20 64 72 69 76 65 20     
     342       73 70 65 63 69 66 69     
     343       63 61 74 69 6F 6E 24     
     344                                
     345                                 
     346 0053  20 49 6E 76 61 6C 69     BADSWMES  DB     " Invalid parameter",1
					3,10,"$" 
     347       64 20 70 61 72 61 6D     
     348       65 74 65 72 0D 0A 24     
     349                                 
     350 0068  20 20 20 49 6E 76 61     BADSUBDIR DB    "   Invalid sub-directo
					ry entry.",13,10,"$" 
     351       6C 69 64 20 73 75 62     
     352       2D 64 69 72 65 63 74     
     353       6F 72 79 20 65 6E 74     
     354       72 79 2E 0D 0A 24        
     355 008A  20 20 20 45 6E 74 72     CENTRY  DB      "   Entry has a bad $" 
     356       79 20 68 61 73 20 61     
     357       20 62 61 64 20 24        
     358 009E  20 6C 69 6E 6B 24        CLUSBAD DB      " link$" 
     359 00A4  20 61 74 74 72 69 62     BADATT  DB      " attribute$" 
     360       75 74 65 24              
     361 00AF  20 73 69 7A 65 24        BADSIZM DB      " size$" 
     362                                 
     363                                ;"BADTARG1<name of dir followed by CR L
					F>BADTARG2" 
     364 00B5  43 61 6E 6E 6F 74 20     BADTARG1 DB     "Cannot CHDIR to $" 
     365       43 48 44 49 52 20 74     
     366       6F 20 24                 
     367 00C6  20 20 20 74 72 65 65     BADTARG2 DB     "   tree past this poin
					t not processed.",13,10,"$" 
Microsoft (R) Macro Assembler  Version 4.00                 3/27/20 07:52:50

CHKDSK Messages                                             Page     1-9
                                                            

     368       20 70 61 73 74 20 74     
     369       68 69 73 20 70 6F 69     
     370       6E 74 20 6E 6F 74 20     
     371       70 72 6F 63 65 73 73     
     372       65 64 2E 0D 0A 24        
     373                                 
     374 00EF  43 61 6E 6E 6F 74 20     BADCD   DB      "Cannot CHDIR to root",
					13,10,"$" 
     375       43 48 44 49 52 20 74     
     376       6F 20 72 6F 6F 74 0D     
     377       0A 24                    
     378                                 
     379 0106  50 72 6F 63 65 73 73     FATALMES DB     "Processing cannot cont
					inue.",13,10,"$" 
     380       69 6E 67 20 63 61 6E     
     381       6E 6F 74 20 63 6F 6E     
     382       74 69 6E 75 65 2E 0D     
     383       0A 24                    
     384 0124  46 69 6C 65 20 61 6C     BADRDMES DB     "File allocation table 
					bad drive " 
     385       6C 6F 63 61 74 69 6F     
     386       6E 20 74 61 62 6C 65     
     387       20 62 61 64 20 64 72     
     388       69 76 65 20              
     389 0144  41 2E 0D 0A 24           BADDRVM  DB     "A.",13,10,"$" 
     390 0149  49 6E 73 75 66 66 69     STACKMES DB     "Insufficient memory.",
					13,10,"$" 
     391       63 69 65 6E 74 20 6D     
     392       65 6D 6F 72 79 2E 0D     
     393       0A 24                    
     394 0160  49 6E 76 61 6C 69 64     BADDPBDIR DB    "Invalid current direct
					ory.",13,10,"$" 
     395       20 63 75 72 72 65 6E     
     396       74 20 64 69 72 65 63     
     397       74 6F 72 79 2E 0D 0A     
     398       24                       
     399                                 
     400                                ;INT 24 MESSAGE SHOULD AGREE WITH COMMA
					ND 
     401                                 
     402 017D  72 65 61 64 24           READING DB      "read$" 
     403 0182  77 72 69 74 24           WRITING DB      "writ$" 
     404 0187  20 65 72 72 6F 72 20     ERRMES  DB      " error $" 
     405       24                       
     406 018F  69 6E 67 20 64 72 69     DRVMES  DB      "ing drive " 
     407       76 65 20                 
     408 0199  41 0D 0A 24              BADDRVM2  DB    "A",13,10,"$" 
     409 019D  41 62 6F 72 74 2C 20     REQUEST DB      "Abort, Retry, Ignore? 
					$" 
     410       52 65 74 72 79 2C 20     
     411       49 67 6E 6F 72 65 3F     
     412       20 24                    
     413 01B4  57 72 69 74 65 20 70     ERR0    DB      "Write protect$" 
     414       72 6F 74 65 63 74 24     
Microsoft (R) Macro Assembler  Version 4.00                 3/27/20 07:52:50

CHKDSK Messages                                             Page     1-10
                                                            

     415                                
     416 01C2  42 61 64 20 75 6E 69     ERR1    DB      "Bad unit$" 
     417       74 24                    
     418 01CB  4E 6F 74 20 72 65 61     ERR2    DB      "Not ready$" 
     419       64 79 24                 
     420 01D5  42 61 64 20 63 6F 6D     ERR3    DB      "Bad command$" 
     421       6D 61 6E 64 24           
     422 01E1  44 61 74 61 24           ERR4    DB      "Data$" 
     423 01E6  42 61 64 20 63 61 6C     ERR5    DB      "Bad call format$" 
     424       6C 20 66 6F 72 6D 61     
     425       74 24                    
     426 01F6  53 65 65 6B 24           ERR6    DB      "Seek$" 
     427 01FB  4E 6F 6E 2D 44 4F 53     ERR7    DB      "Non-DOS disk$" 
     428       20 64 69 73 6B 24        
     429 0208  53 65 63 74 6F 72 20     ERR8    DB      "Sector not found$" 
     430       6E 6F 74 20 66 6F 75     
     431       6E 64 24                 
     432 0219  4E 6F 20 70 61 70 65     ERR9    DB      "No paper$" 
     433       72 24                    
     434 0222  57 72 69 74 65 20 66     ERR10   DB      "Write fault$" 
     435       61 75 6C 74 24           
     436 022E  52 65 61 64 20 66 61     ERR11   DB      "Read fault$" 
     437       75 6C 74 24              
     438 0239  44 69 73 6B 24           ERR12   DB      "Disk$" 
     439                                 
     440                                 
     441 023E  20 20 20 44 6F 65 73     NDOTMES DB      "   Does not exist.",13
					,10,"$" 
     442       20 6E 6F 74 20 65 78     
     443       69 73 74 2E 0D 0A 24     
     444 0253  20 20 20 46 69 72 73     NULNZ   DB      "   First cluster numbe
					r is invalid,",13,10 
     445       74 20 63 6C 75 73 74     
     446       65 72 20 6E 75 6D 62     
     447       65 72 20 69 73 20 69     
     448       6E 76 61 6C 69 64 2C     
     449       0D 0A                    
     450 0278  20 20 20 20 65 6E 74             DB      "    entry truncated.",
					13,10,"$" 
     451       72 79 20 74 72 75 6E     
     452       63 61 74 65 64 2E 0D     
     453       0A 24                    
     454 028F  20 20 20 44 69 72 65     NULDMES DB      "   Directory is totall
					y empty, no . or ..",13,10,"$" 
     455       63 74 6F 72 79 20 69     
     456       73 20 74 6F 74 61 6C     
     457       6C 79 20 65 6D 70 74     
     458       79 2C 20 6E 6F 20 2E     
     459       20 6F 72 20 2E 2E 0D     
     460       0A 24                    
     461 02BB  20 20 20 41 6C 6C 6F     BADCLUS DB      "   Allocation error, s
					ize adjusted.",13,10,"$" 
     462       63 61 74 69 6F 6E 20     
     463       65 72 72 6F 72 2C 20     
Microsoft (R) Macro Assembler  Version 4.00                 3/27/20 07:52:50

CHKDSK Messages                                             Page     1-11
                                                            

     464       73 69 7A 65 20 61 64     
     465       6A 75 73 74 65 64 2E     
     466       0D 0A 24                 
     467 02E1  20 20 20 43 61 6E 6E     NORECDOT DB     "   Cannot recover . en
					try, processing continued.",13,10,"$" 
     468       6F 74 20 72 65 63 6F     
     469       76 65 72 20 2E 20 65     
     470       6E 74 72 79 2C 20 70     
     471       72 6F 63 65 73 73 69     
     472       6E 67 20 63 6F 6E 74     
     473       69 6E 75 65 64 2E 0D     
     474       0A 24                    
     475 0314  20 20 20 43 61 6E 6E     NORECDDOT DB    "   Cannot recover .. e
					ntry," 
     476       6F 74 20 72 65 63 6F     
     477       76 65 72 20 2E 2E 20     
     478       65 6E 74 72 79 2C        
     479                                 
     480                                ;VOLUME ID 
     481                                 
     482                                ;"IDMES1/name at VNAME<date and time>ID
					POST" 
     483 032F  0D 0A 24                 IDPOST  DB      13,10,"$"              
					 ;WARNING this is currently the tail of
					 
     484                                                                       
					 ; the previos message!!! 
     485 0332  56 6F 6C 75 6D 65 20     IDMES1  DB      "Volume " 
     486                                
     487 0339  000C[                    VNAME   DB      12 DUP(' ') 
     488            20                  
     489                         ]      
     490                                
     491 0345  63 72 65 61 74 65 64             DB      "created $" 
     492       20 24                    
     493 034E  61                       TCHAR   DB      'a' 
     494 034F  4A 61 6E 46 65 62 4D     MONTAB  DB      "JanFebMarAprMayJunJulA
					ugSepOctNovDec" 
     495       61 72 41 70 72 4D 61     
     496       79 4A 75 6E 4A 75 6C     
     497       41 75 67 53 65 70 4F     
     498       63 74 4E 6F 76 44 65     
     499       63                       
     500                                 
     501                                 
     502                                 
     503                                ;"BADREAD_PRE<# of FAT>BADREAD_POST" 
     504 0373  44 69 73 6B 20 65 72     BADREAD_PRE DB      "Disk error reading
					 FAT $" 
     505       72 6F 72 20 72 65 61     
     506       64 69 6E 67 20 46 41     
     507       54 20 24                 
     508                                 
     509                                ;"BADWRITE_PRE<# of FAT>BADWRITE_POST" 
Microsoft (R) Macro Assembler  Version 4.00                 3/27/20 07:52:50

CHKDSK Messages                                             Page     1-12
                                                            

     510 038B  44 69 73 6B 20 65 72     BADWRITE_PRE DB     "Disk error writing
					 FAT $" 
     511       72 6F 72 20 77 72 69     
     512       74 69 6E 67 20 46 41     
     513       54 20 24                 
     514                                 
     515 03A3  20 20 20 48 61 73 20     BADCHAIN DB     "   Has invalid cluster
					, file truncated." 
     516       69 6E 76 61 6C 69 64     
     517       20 63 6C 75 73 74 65     
     518       72 2C 20 66 69 6C 65     
     519       20 74 72 75 6E 63 61     
     520       74 65 64 2E              
     521                                 
     522 03CA                           BADREAD_POST    LABEL   BYTE 
     523 03CA                           BADWRITE_POST   LABEL   BYTE 
     524                                 
     525                                ;"<name of file followed by CR LF>CROSS
					MES_PRE<# of cluster>CROSSMES_POST" 
     526 03CA  0D 0A 24                 CROSSMES_POST   DB  13,10,"$"          
					 ;WARNING Is tail of previos messages 
     527 03CD  20 20 20 49 73 20 63     CROSSMES_PRE    DB  "   Is cross linked
					 on cluster $" 
     528       72 6F 73 73 20 6C 69     
     529       6E 6B 65 64 20 6F 6E     
     530       20 63 6C 75 73 74 65     
     531       72 20 24                 
     532                                 
     533                                ;CHAINREPORT messages 
     534 03EC  20 6C 6F 73 74 20 63     ORPHMES2 DB     " lost clusters found i
					n $" 
     535       6C 75 73 74 65 72 73     
     536       20 66 6F 75 6E 64 20     
     537       69 6E 20 24              
     538 0405  20 63 68 61 69 6E 73     CHNUMMES DB     " chains.",13,10,"$" 
     539       2E 0D 0A 24              
     540                                 
     541 0410  43 6F 6E 76 65 72 74     FREEMES DB      "Convert lost chains to
					 files $" 
     542       20 6C 6F 73 74 20 63     
     543       68 61 69 6E 73 20 74     
     544       6F 20 66 69 6C 65 73     
     545       20 24                    
     546                                 
     547                                ;REPORT messages 
     548 042E  20 72 65 63 6F 76 65     ORPHMES DB      " recovered files",13,1
					0,"$" 
     549       72 65 64 20 66 69 6C     
     550       65 73 0D 0A 24           
     551 0441  20 62 79 74 65 73 20     DSKSPC  DB      " bytes total disk spac
					e",13,10,"$" 
     552       74 6F 74 61 6C 20 64     
     553       69 73 6B 20 73 70 61     
     554       63 65 0D 0A 24           
Microsoft (R) Macro Assembler  Version 4.00                 3/27/20 07:52:50

CHKDSK Messages                                             Page     1-13
                                                            

     555 045B  20 62 79 74 65 73 20     INMES   DB      " bytes in $" 
     556       69 6E 20 24              
     557 0466  20 62 79 74 65 73 20     INMES2  DB      " bytes would be in",13
					,10 
     558       77 6F 75 6C 64 20 62     
     559       65 20 69 6E 0D 0A        
     560 047A  20 20 20 20 20 20 20             DB      "          $" 
     561       20 20 20 24              
     562 0485  20 75 73 65 72 20 66     FILEMES DB      " user files",13,10,"$"
					 
     563       69 6C 65 73 0D 0A 24     
     564 0493  20 62 79 74 65 73 20     BADSPC  DB      " bytes in bad sectors"
					,13,10,"$" 
     565       69 6E 20 62 61 64 20     
     566       73 65 63 74 6F 72 73     
     567       0D 0A 24                 
     568 04AB  20 68 69 64 64 65 6E     HIDMES  DB      " hidden files",13,10,"
					$" 
     569       20 66 69 6C 65 73 0D     
     570       0A 24                    
     571 04BB  20 64 69 72 65 63 74     DIRMES  DB      " directories",13,10,"$
					" 
     572       6F 72 69 65 73 0D 0A     
     573       24                       
     574 04CA  20 62 79 74 65 73 20     FRESPC  DB      " bytes available on di
					sk",13,10,13,10,"$" 
     575       61 76 61 69 6C 61 62     
     576       6C 65 20 6F 6E 20 64     
     577       69 73 6B 0D 0A 0D 0A     
     578       24                       
     579 04E7  20 62 79 74 65 73 20     TOTMEM  DB      " bytes total memory",1
					3,10,"$" 
     580       74 6F 74 61 6C 20 6D     
     581       65 6D 6F 72 79 0D 0A     
     582       24                       
     583 04FD  20 62 79 74 65 73 20     FREMEM  DB      " bytes free",13,10,13,
					10,"$" 
     584       66 72 65 65 0D 0A 0D     
     585       0A 24                    
     586                                 
     587                                ;"<filename followed by CR LF>CONTAINS<
					# non-contig blocks>EXTENTS" 
     588 050D  20 20 20 43 6F 6E 74     CONTAINS DB     "   Contains $" 
     589       61 69 6E 73 20 24        
     590 051A  20 6E 6F 6E 2D 63 6F     EXTENTS DB      " non-contiguous blocks
					.",13,10,"$" 
     591       6E 74 69 67 75 6F 75     
     592       73 20 62 6C 6F 63 6B     
     593       73 2E 0D 0A 24           
     594                                 
     595 0534  41 6C 6C 20 73 70 65     NOEXTENTS DB    "All specified file(s) 
					are contiguous.",13,10,"$" 
     596       63 69 66 69 65 64 20     
     597       66 69 6C 65 28 73 29     
Microsoft (R) Macro Assembler  Version 4.00                 3/27/20 07:52:50

CHKDSK Messages                                             Page     1-14
                                                            

     598       20 61 72 65 20 63 6F     
     599       6E 74 69 67 75 6F 75     
     600       73 2E 0D 0A 24           
     601 055C  20 20 20 20 20 20 24     INDENT  DB      "      $" 
     602                                
     603                                 
     604 0563  50 72 6F 62 61 62 6C     BADIDBYT DB     "Probable non-DOS disk.
					" 
     605       65 20 6E 6F 6E 2D 44     
     606       4F 53 20 64 69 73 6B     
     607       2E                       
     608 0579  0D 0A 43 6F 6E 74 69             DB      13,10,"Continue $" 
     609       6E 75 65 20 24           
     610 0585  28 59 2F 4E 29 3F 20     YES_NO  DB      "(Y/N)? $" 
     611       24                       
     612 058D  20 20 20 55 6E 72 65     PTRANDIR DB     "   Unrecoverable error
					 in directory.",13,10 
     613       63 6F 76 65 72 61 62     
     614       6C 65 20 65 72 72 6F     
     615       72 20 69 6E 20 64 69     
     616       72 65 63 74 6F 72 79     
     617       2E 0D 0A                 
     618 05B3  20 20 20 43 6F 6E 76     PTRANDIR2 DB    "   Convert directory t
					o file $" 
     619       65 72 74 20 64 69 72     
     620       65 63 74 6F 72 79 20     
     621       74 6F 20 66 69 6C 65     
     622       20 24                    
     623 05D1  0D 0A 45 72 72 6F 72     FIXMES  DB      13,10,"Errors found, F 
					parameter not specified." 
     624       73 20 66 6F 75 6E 64     
     625       2C 20 46 20 70 61 72     
     626       61 6D 65 74 65 72 20     
     627       6E 6F 74 20 73 70 65     
     628       63 69 66 69 65 64 2E     
     629                                
     630 05FB  0D 0A 43 6F 72 72 65             DB      13,10,"Corrections will
					 not be written to disk.",13,10,13,10,"
					$" 
     631       63 74 69 6F 6E 73 20     
     632       77 69 6C 6C 20 6E 6F     
     633       74 20 62 65 20 77 72     
     634       69 74 74 65 6E 20 74     
     635       6F 20 64 69 73 6B 2E     
     636       0D 0A 0D 0A 24           
     637 062A  44 69 72 65 63 74 6F     DIRECMES DB     "Directory $" 
     638       72 79 20 24              
     639 0635  20 20 20 43 48 44 49     CDDDMES DB      "   CHDIR .. failed, tr
					ying alternate method.",13,10,"$" 
     640       52 20 2E 2E 20 66 61     
     641       69 6C 65 64 2C 20 74     
     642       72 79 69 6E 67 20 61     
     643       6C 74 65 72 6E 61 74     
     644       65 20 6D 65 74 68 6F     
Microsoft (R) Macro Assembler  Version 4.00                 3/27/20 07:52:50

CHKDSK Messages                                             Page     1-15
                                                            

     645       64 2E 0D 0A 24           
     646                                 
     647                                 
     648 0664  20 62 79 74 65 73 20     FREEBYMESF_POST DB   " bytes disk space
					 freed.",13,10 
     649       64 69 73 6B 20 73 70     
     650       61 63 65 20 66 72 65     
     651       65 64 2E 0D 0A           
     652 067E  24                       FREEBYMESF_PRE  DB   "$" 
     653 067F  20 62 79 74 65 73 20     FREEBYMES_POST  DB   " bytes disk space
					",13,10 
     654       64 69 73 6B 20 73 70     
     655       61 63 65 0D 0A           
     656 0692  20 20 20 20 20 20 20                     DB   "          would b
					e freed.",13,10 
     657       20 20 20 77 6F 75 6C     
     658       64 20 62 65 20 66 72     
     659       65 65 64 2E 0D 0A        
     660 06AD  24                       FREEBYMES_PRE   DB   "$" 
     661                                 
     662                                 
     663 06AE  49 6E 73 75 66 66 69     CREATMES DB     "Insufficient room in r
					oot directory." 
     664       63 69 65 6E 74 20 72     
     665       6F 6F 6D 20 69 6E 20     
     666       72 6F 6F 74 20 64 69     
     667       72 65 63 74 6F 72 79     
     668       2E                       
     669 06D2  0D 0A 45 72 61 73 65             DB      13,10,"Erase files in r
					oot and repeat CHKDSK.",13,10,"$" 
     670       20 66 69 6C 65 73 20     
     671       69 6E 20 72 6F 6F 74     
     672       20 61 6E 64 20 72 65     
     673       70 65 61 74 20 43 48     
     674       4B 44 53 4B 2E 0D 0A     
     675       24                       
     676 06FD  20 20 20 46 69 6C 65     OPNERR  DB      "   File not found.",13
					,10,"$" 
     677       20 6E 6F 74 20 66 6F     
     678       75 6E 64 2E 0D 0A 24     
     679                                 
     680                                 
     681 0712                           CONST   ENDS 
     682                                        END 

Microsoft (R) Macro Assembler  Version 4.00                 3/27/20 07:52:50

CHKDSK Messages                                             Symbols-1
                                                             

Macros:

		N a m e			Lines

BREAK  . . . . . . . . . . . . .  	   2
CONDRET  . . . . . . . . . . . .  	  19
CONTEXT  . . . . . . . . . . . .  	   3
DO_EXT . . . . . . . . . . . . .  	   0
ENTRY  . . . . . . . . . . . . .  	   2
ERROR  . . . . . . . . . . . . .  	   4
INVOKE . . . . . . . . . . . . .  	   8
I_AM . . . . . . . . . . . . . .  	  14
I_NEED . . . . . . . . . . . . .  	  11
JUMP . . . . . . . . . . . . . .  	  17
LONG_ADDR  . . . . . . . . . . .  	   7
MAKELAB  . . . . . . . . . . . .  	   4
PROCEDURE  . . . . . . . . . . .  	   2
RETC . . . . . . . . . . . . . .  	   1
RETNC  . . . . . . . . . . . . .  	   1
RETNZ  . . . . . . . . . . . . .  	   1
RETURN . . . . . . . . . . . . .  	   5
RETZ . . . . . . . . . . . . . .  	   1
SHORT_ADDR . . . . . . . . . . .  	  12
TRANSFER . . . . . . . . . . . .  	   8

Structures and Records:

                N a m e                 Width   # fields
                                        Shift   Width   Mask    Initial

ARENA  . . . . . . . . . . . . .  	0005	0003
  ARENA_SIGNATURE  . . . . . . .  	0000
  ARENA_OWNER  . . . . . . . . .  	0001
  ARENA_SIZE . . . . . . . . . .  	0003
BPBLOCK  . . . . . . . . . . . .  	000D	0008
  BPSECSZ  . . . . . . . . . . .  	0000
  BPCLUS . . . . . . . . . . . .  	0002
  BPRES  . . . . . . . . . . . .  	0003
  BPFTCNT  . . . . . . . . . . .  	0005
  BPDRCNT  . . . . . . . . . . .  	0006
  BPSCCNT  . . . . . . . . . . .  	0008
  BPMEDIA  . . . . . . . . . . .  	000A
  BPFTSEC  . . . . . . . . . . .  	000B
BUFFINFO . . . . . . . . . . . .  	0010	0009
  NEXTBUF  . . . . . . . . . . .  	0000
  BUFDRV . . . . . . . . . . . .  	0004
  BUFDIRTY . . . . . . . . . . .  	0005
  BUFPRI . . . . . . . . . . . .  	0006
  VISIT  . . . . . . . . . . . .  	0007
  BUFSECNO . . . . . . . . . . .  	0008
  BUFWRTCNT  . . . . . . . . . .  	000A
  BUFWRTINC  . . . . . . . . . .  	000B
  BUFDRVDP . . . . . . . . . . .  	000C
DIR_ENTRY  . . . . . . . . . . .  	0020	0008
Microsoft (R) Macro Assembler  Version 4.00                 3/27/20 07:52:50

CHKDSK Messages                                             Symbols-2
                                                             

  DIR_NAME . . . . . . . . . . .  	0000
  DIR_ATTR . . . . . . . . . . .  	000B
  DIR_PAD  . . . . . . . . . . .  	000C
  DIR_TIME . . . . . . . . . . .  	0016
  DIR_DATE . . . . . . . . . . .  	0018
  DIR_FIRST  . . . . . . . . . .  	001A
  DIR_SIZE_L . . . . . . . . . .  	001C
  DIR_SIZE_H . . . . . . . . . .  	001E
DPB  . . . . . . . . . . . . . .  	005E	0012
  DPB_DRIVE  . . . . . . . . . .  	0000
  DPB_UNIT . . . . . . . . . . .  	0001
  DPB_SECTOR_SIZE  . . . . . . .  	0002
  DPB_CLUSTER_MASK . . . . . . .  	0004
  DPB_CLUSTER_SHIFT  . . . . . .  	0005
  DPB_FIRST_FAT  . . . . . . . .  	0006
  DPB_FAT_COUNT  . . . . . . . .  	0008
  DPB_ROOT_ENTRIES . . . . . . .  	0009
  DPB_FIRST_SECTOR . . . . . . .  	000B
  DPB_MAX_CLUSTER  . . . . . . .  	000D
  DPB_FAT_SIZE . . . . . . . . .  	000F
  DPB_DIR_SECTOR . . . . . . . .  	0010
  DPB_DRIVER_ADDR  . . . . . . .  	0012
  DPB_MEDIA  . . . . . . . . . .  	0016
  DPB_FIRST_ACCESS . . . . . . .  	0017
  DPB_NEXT_DPB . . . . . . . . .  	0018
  DPB_CURRENT_DIR  . . . . . . .  	001C
  DPB_DIR_TEXT . . . . . . . . .  	001E
EXEC0  . . . . . . . . . . . . .  	000E	0004
  EXEC0_ENVIRON  . . . . . . . .  	0000
  EXEC0_COM_LINE . . . . . . . .  	0002
  EXEC0_5C_FCB . . . . . . . . .  	0006
  EXEC0_6C_FCB . . . . . . . . .  	000A
EXEC1  . . . . . . . . . . . . .  	0016	0008
  EXEC1_ENVIRON  . . . . . . . .  	0000
  EXEC1_COM_LINE . . . . . . . .  	0002
  EXEC1_5C_FCB . . . . . . . . .  	0006
  EXEC1_6C_FCB . . . . . . . . .  	000A
  EXEC1_SP . . . . . . . . . . .  	000E
  EXEC1_SS . . . . . . . . . . .  	0010
  EXEC1_IP . . . . . . . . . . .  	0012
  EXEC1_CS . . . . . . . . . . .  	0014
EXEC3  . . . . . . . . . . . . .  	0004	0002
  EXEC3_LOAD_ADDR  . . . . . . .  	0000
  EXEC3_RELOC_FAC  . . . . . . .  	0002
EXE_FILE . . . . . . . . . . . .  	0020	000F
  EXE_SIGNATURE  . . . . . . . .  	0000
  EXE_LEN_MOD_512  . . . . . . .  	0002
  EXE_PAGES  . . . . . . . . . .  	0004
  EXE_RLE_COUNT  . . . . . . . .  	0006
  EXE_PAR_DIR  . . . . . . . . .  	0008
  EXE_MIN_BSS  . . . . . . . . .  	000A
  EXE_MAX_BSS  . . . . . . . . .  	000C
  EXE_SS . . . . . . . . . . . .  	000E
  EXE_SP . . . . . . . . . . . .  	0010
Microsoft (R) Macro Assembler  Version 4.00                 3/27/20 07:52:50

CHKDSK Messages                                             Symbols-3
                                                             

  EXE_CHKSUM . . . . . . . . . .  	0012
  EXE_IP . . . . . . . . . . . .  	0014
  EXE_CS . . . . . . . . . . . .  	0016
  EXE_RLE_TABLE  . . . . . . . .  	0018
  EXE_IOV  . . . . . . . . . . .  	001A
  EXE_SYM_TAB  . . . . . . . . .  	001C
FIND_BUF . . . . . . . . . . . .  	002B	000C
  FIND_BUF_SATTR . . . . . . . .  	0000
  FIND_BUF_DRIVE . . . . . . . .  	0001
  FIND_BUF_NAME  . . . . . . . .  	0002
  FIND_BUF_LASTENT . . . . . . .  	000D
  FIND_BUF_THISDPB . . . . . . .  	000F
  FIND_BUF_DIRSTART  . . . . . .  	0013
  FIND_BUF_ATTR  . . . . . . . .  	0015
  FIND_BUF_TIME  . . . . . . . .  	0016
  FIND_BUF_DATE  . . . . . . . .  	0018
  FIND_BUF_SIZE_L  . . . . . . .  	001A
  FIND_BUF_SIZE_H  . . . . . . .  	001C
  FIND_BUF_PNAME . . . . . . . .  	001E
INTERNAT_BLOCK . . . . . . . . .  	0018	0015
  DATE_TIM_FORMAT  . . . . . . .  	0000
  CURRENCY_SYM . . . . . . . . .  	0002
  THOUS_SEP  . . . . . . . . . .  	0007
  DECIMAL_SEP  . . . . . . . . .  	0009
  DATE_SEP . . . . . . . . . . .  	000B
  TIME_SEP . . . . . . . . . . .  	000D
  BIT_FEILD  . . . . . . . . . .  	000F
  CURRENCY_CENTS . . . . . . . .  	0010
  TIME_24  . . . . . . . . . . .  	0011
  MAP_CALL . . . . . . . . . . .  	0012
  DATA_SEP . . . . . . . . . . .  	0016
PROCESS_DATA_BLOCK . . . . . . .  	005B	000E
  PDB_EXIT_CALL  . . . . . . . .  	0000
  PDB_BLOCK_LEN  . . . . . . . .  	0002
  PDB_CPM_CALL . . . . . . . . .  	0005
  PDB_EXIT . . . . . . . . . . .  	000A
  PDB_CTRL_C . . . . . . . . . .  	000E
  PDB_FATAL_ABORT  . . . . . . .  	0012
  PDB_PARENT_PID . . . . . . . .  	0016
  PDB_JFN_TABLE  . . . . . . . .  	0018
  PDB_ENVIRON  . . . . . . . . .  	002C
  PDB_USER_STACK . . . . . . . .  	002E
  PDB_PAD1 . . . . . . . . . . .  	0032
  PDB_CALL_SYSTEM  . . . . . . .  	0050
  PDB_PAD2 . . . . . . . . . . .  	0055
SFT  . . . . . . . . . . . . . .  	0008	0003
  SFT_LINK . . . . . . . . . . .  	0000
  SFT_COUNT  . . . . . . . . . .  	0004
  SFT_TABLE  . . . . . . . . . .  	0006
SF_ENTRY . . . . . . . . . . . .  	0028	0004
  SF_REF_COUNT . . . . . . . . .  	0000
  SF_MODE  . . . . . . . . . . .  	0001
  SF_ATTR  . . . . . . . . . . .  	0002
  SF_FCB . . . . . . . . . . . .  	0003
Microsoft (R) Macro Assembler  Version 4.00                 3/27/20 07:52:50

CHKDSK Messages                                             Symbols-4
                                                             

SYMBOL_ENTRY . . . . . . . . . .  	0106	0004
  SYM_VALUE  . . . . . . . . . .  	0000
  SYM_TYPE . . . . . . . . . . .  	0004
  SYM_LEN  . . . . . . . . . . .  	0006
  SYM_NAME . . . . . . . . . . .  	0007
SYS_FCB  . . . . . . . . . . . .  	0025	0010
  FCB_DRIVE  . . . . . . . . . .  	0000
  FCB_NAME . . . . . . . . . . .  	0001
  FCB_EXT  . . . . . . . . . . .  	0009
  FCB_EXTENT . . . . . . . . . .  	000C
  FCB_RECSIZ . . . . . . . . . .  	000E
  FCB_FILSIZ . . . . . . . . . .  	0010
  FCB_DRVBP  . . . . . . . . . .  	0012
  FCB_FDATE  . . . . . . . . . .  	0014
  FCB_FTIME  . . . . . . . . . .  	0016
  FCB_DEVID  . . . . . . . . . .  	0018
  FCB_FIRCLUS  . . . . . . . . .  	0019
  FCB_CLUSPOS  . . . . . . . . .  	001B
  FCB_LSTCLUS  . . . . . . . . .  	001D
  FCB_NR . . . . . . . . . . . .  	0020
  FCB_RR . . . . . . . . . . . .  	0021
USER_ENVIRON . . . . . . . . . .  	0018	000C
  USER_AX  . . . . . . . . . . .  	0000
  USER_BX  . . . . . . . . . . .  	0002
  USER_CX  . . . . . . . . . . .  	0004
  USER_DX  . . . . . . . . . . .  	0006
  USER_SI  . . . . . . . . . . .  	0008
  USER_DI  . . . . . . . . . . .  	000A
  USER_BP  . . . . . . . . . . .  	000C
  USER_DS  . . . . . . . . . . .  	000E
  USER_ES  . . . . . . . . . . .  	0010
  USER_IP  . . . . . . . . . . .  	0012
  USER_CS  . . . . . . . . . . .  	0014
  USER_F . . . . . . . . . . . .  	0016

Segments and Groups:

                N a m e         	Size	Align	Combine Class

DG . . . . . . . . . . . . . . .  	GROUP
  CODE . . . . . . . . . . . . .  	01E5	BYTE	PUBLIC	
  CONST  . . . . . . . . . . . .  	0712	BYTE	PUBLIC	
  DATA . . . . . . . . . . . . .  	0000	BYTE	PUBLIC	

Symbols:            

                N a m e         	Type	Value	Attr         

ABORT  . . . . . . . . . . . . .  	Number	0000	
ADDR_INT_ABORT . . . . . . . . .  	Number	0080	
ADDR_INT_COMMAND . . . . . . . .  	Number	0084	
ADDR_INT_CTRL_C  . . . . . . . .  	Number	008C	
ADDR_INT_DISK_READ . . . . . . .  	Number	0094	
ADDR_INT_DISK_WRITE  . . . . . .  	Number	0098	
Microsoft (R) Macro Assembler  Version 4.00                 3/27/20 07:52:50

CHKDSK Messages                                             Symbols-5
                                                             

ADDR_INT_FASTCON . . . . . . . .  	Number	00A4	
ADDR_INT_FATAL_ABORT . . . . . .  	Number	0090	
ADDR_INT_KEEP_PROCESS  . . . . .  	Number	009C	
ADDR_INT_SPOOLER . . . . . . . .  	Number	00A0	
ADDR_INT_TERMINATE . . . . . . .  	Number	0088	
ALLOC  . . . . . . . . . . . . .  	Number	0048	
ALLOCOPER  . . . . . . . . . . .  	Number	0058	
ALLOC_ARENA_TRASHED  . . . . . .  	Alias	 ERROR_ARENA_TRASHED		
ALLOC_NOT_ENOUGH_MEMORY  . . . .  	Alias	 ERROR_NOT_ENOUGH_MEMORY		
ALLSET1  . . . . . . . . . . . .  	L NEAR	017F	CODE
ALTVECT  . . . . . . . . . . . .  	Number	0000	
ARENA_OWNER_SYSTEM . . . . . . .  	Number	0000	
ARENA_SIGNATURE_END  . . . . . .  	Number	005A	
ARENA_SIGNATURE_NORMAL . . . . .  	Number	004D	
ASK  . . . . . . . . . . . . . .  	L NEAR	004E	CODE
ASSIGNOPER . . . . . . . . . . .  	Number	005F	
ATTR_ALL . . . . . . . . . . . .  	Number	0016	
ATTR_ARCHIVE . . . . . . . . . .  	Number	0020	
ATTR_CHANGEABLE  . . . . . . . .  	Number	0027	
ATTR_DIRECTORY . . . . . . . . .  	Number	0010	
ATTR_HIDDEN  . . . . . . . . . .  	Number	0002	
ATTR_IGNORE  . . . . . . . . . .  	Number	0021	
ATTR_READ_ONLY . . . . . . . . .  	Number	0001	
ATTR_SYSTEM  . . . . . . . . . .  	Number	0004	
ATTR_VOLUME_ID . . . . . . . . .  	Number	0008	
AVAILIN  . . . . . . . . . . . .  	L NEAR	019B	CODE

BADATT . . . . . . . . . . . . .  	L BYTE 	00A4	CONST	Global
BADCD  . . . . . . . . . . . . .  	L BYTE 	00EF	CONST	Global
BADCHAIN . . . . . . . . . . . .  	L BYTE 	03A3	CONST	Global
BADCLUS  . . . . . . . . . . . .  	L BYTE 	02BB	CONST	Global
BADDPBDIR  . . . . . . . . . . .  	L BYTE 	0160	CONST	Global
BADDRV . . . . . . . . . . . . .  	L BYTE 	0037	CONST	Global
BADDRVM  . . . . . . . . . . . .  	L BYTE 	0144	CONST	Global
BADDRVM2 . . . . . . . . . . . .  	L BYTE 	0199	CONST	Global
BADIDBYT . . . . . . . . . . . .  	L BYTE 	0563	CONST	Global
BADLIN . . . . . . . . . . . . .  	L NEAR	018E	CODE
BADRDMES . . . . . . . . . . . .  	L BYTE 	0124	CONST	Global
BADREAD_POST . . . . . . . . . .  	L BYTE 	03CA	CONST	Global
BADREAD_PRE  . . . . . . . . . .  	L BYTE 	0373	CONST	Global
BADSIZ . . . . . . . . . . . . .  	V WORD 	0000	CONST	External
BADSIZM  . . . . . . . . . . . .  	L BYTE 	00AF	CONST	Global
BADSPC . . . . . . . . . . . . .  	L BYTE 	0493	CONST
BADSUBDIR  . . . . . . . . . . .  	L BYTE 	0068	CONST	Global
BADSWITCH  . . . . . . . . . . .  	L NEAR	00DF	CODE
BADSWITCHA . . . . . . . . . . .  	L NEAR	00DD	CODE
BADSWMES . . . . . . . . . . . .  	L BYTE 	0053	CONST
BADTARG1 . . . . . . . . . . . .  	L BYTE 	00B5	CONST	Global
BADTARG2 . . . . . . . . . . . .  	L BYTE 	00C6	CONST	Global
BADVER . . . . . . . . . . . . .  	L BYTE 	001F	CONST	Global
BADWRITE_POST  . . . . . . . . .  	L BYTE 	03CA	CONST	Global
BADWRITE_PRE . . . . . . . . . .  	L BYTE 	038B	CONST	Global
BUFINSIZ . . . . . . . . . . . .  	Number	0010	

Microsoft (R) Macro Assembler  Version 4.00                 3/27/20 07:52:50

CHKDSK Messages                                             Symbols-6
                                                             

CDDDMES  . . . . . . . . . . . .  	L BYTE 	0635	CONST	Global
CENTRY . . . . . . . . . . . . .  	L BYTE 	008A	CONST	Global
CHAINREPORT  . . . . . . . . . .  	L NEAR	00F6	CODE	Global
CHAR_OPER  . . . . . . . . . . .  	Number	0037	
CHDIR  . . . . . . . . . . . . .  	Number	003B	
CHDIR_PATH_NOT_FOUND . . . . . .  	Alias	 ERROR_PATH_NOT_FOUND		
CHECKV . . . . . . . . . . . . .  	L NEAR	00CC	CODE
CHEKMORE . . . . . . . . . . . .  	L NEAR	00DA	CODE
CHMOD  . . . . . . . . . . . . .  	Number	0043	
CHMOD_ACCESS_DENIED  . . . . . .  	Alias	 ERROR_ACCESS_DENIED		
CHMOD_INVALID_FUNCTION . . . . .  	Alias	 ERROR_INVALID_FUNCTION		
CHMOD_PATH_NOT_FOUND . . . . . .  	Alias	 ERROR_PATH_NOT_FOUND		
CHNUMMES . . . . . . . . . . . .  	L BYTE 	0405	CONST
CLOSE  . . . . . . . . . . . . .  	Number	003E	
CLOSE_INVALID_FUNCTION . . . . .  	Alias	 ERROR_INVALID_FUNCTION		
CLOSE_INVALID_HANDLE . . . . . .  	Alias	 ERROR_INVALID_HANDLE		
CLUSBAD  . . . . . . . . . . . .  	L BYTE 	009E	CONST	Global
CONBUF . . . . . . . . . . . . .  	V BYTE 	0000	CONST	External
CONTAINS . . . . . . . . . . . .  	L BYTE 	050D	CONST	Global
COUNTRY_NOT_FOUND  . . . . . . .  	Alias	 ERROR_FILE_NOT_FOUND		
CREAT  . . . . . . . . . . . . .  	Number	003C	
CREATENEWFILE  . . . . . . . . .  	Number	005B	
CREATETEMPFILE . . . . . . . . .  	Number	005A	
CREATE_PROCESS_DATA_BLOCK  . . .  	Number	0026	
CREATMES . . . . . . . . . . . .  	L BYTE 	06AE	CONST	Global
CREAT_ACCESS_DENIED  . . . . . .  	Alias	 ERROR_ACCESS_DENIED		
CREAT_PATH_NOT_FOUND . . . . . .  	Alias	 ERROR_PATH_NOT_FOUND		
CREAT_TOO_MANY_OPEN_FILES  . . .  	Alias	 ERROR_TOO_MANY_OPEN_FILES		
CRLF . . . . . . . . . . . . . .  	L BYTE 	001C	CONST	Global
CRLF2  . . . . . . . . . . . . .  	L BYTE 	001A	CONST	Global
CROSSMES_POST  . . . . . . . . .  	L BYTE 	03CA	CONST	Global
CROSSMES_PRE . . . . . . . . . .  	L BYTE 	03CD	CONST	Global
CURDIR_INVALID_DRIVE . . . . . .  	Alias	 ERROR_INVALID_DRIVE		
CURRENT_DIR  . . . . . . . . . .  	Number	0047	
C_BS . . . . . . . . . . . . . .  	Number	0008	
C_CR . . . . . . . . . . . . . .  	Number	000D	
C_DEL  . . . . . . . . . . . . .  	Number	007F	
C_ETB  . . . . . . . . . . . . .  	Number	0017	
C_ETX  . . . . . . . . . . . . .  	Number	0003	
C_HT . . . . . . . . . . . . . .  	Number	0009	
C_LF . . . . . . . . . . . . . .  	Number	000A	
C_NAK  . . . . . . . . . . . . .  	Number	0015	

DEALLOC  . . . . . . . . . . . .  	Number	0049	
DEALLOC_ARENA_TRASHED  . . . . .  	Alias	 ERROR_ARENA_TRASHED		
DEALLOC_INVALID_BLOCK  . . . . .  	Alias	 ERROR_INVALID_BLOCK		
DEVID_BLOCK_DEV  . . . . . . . .  	Number	001F	
DEVID_DEVICE . . . . . . . . . .  	Number	0080	
DEVID_DEVICE_CLOCK . . . . . . .  	Number	0008	
DEVID_DEVICE_CON_IN  . . . . . .  	Number	0001	
DEVID_DEVICE_CON_OUT . . . . . .  	Number	0002	
DEVID_DEVICE_EOF . . . . . . . .  	Number	0040	
DEVID_DEVICE_NULL  . . . . . . .  	Number	0004	
DEVID_DEVICE_RAW . . . . . . . .  	Number	0020	
Microsoft (R) Macro Assembler  Version 4.00                 3/27/20 07:52:50

CHKDSK Messages                                             Symbols-7
                                                             

DEVID_DEVICE_SPECIAL . . . . . .  	Number	0010	
DEVID_EOF  . . . . . . . . . . .  	Number	0040	
DEVID_FILE_CLEAN . . . . . . . .  	Number	0040	
DEVID_FILE_MASK_DRIVE  . . . . .  	Number	003F	
DEVID_ISCIN  . . . . . . . . . .  	Number	0001	
DEVID_ISCLK  . . . . . . . . . .  	Number	0008	
DEVID_ISCOT  . . . . . . . . . .  	Number	0002	
DEVID_ISDEV  . . . . . . . . . .  	Number	0080	
DEVID_ISNUL  . . . . . . . . . .  	Number	0004	
DEVID_RAW  . . . . . . . . . . .  	Number	0020	
DEVID_SPECIAL  . . . . . . . . .  	Number	0010	
DIRCNT . . . . . . . . . . . . .  	V WORD 	0000	CONST	External
DIRECMES . . . . . . . . . . . .  	L BYTE 	062A	CONST	Global
DIRLIN . . . . . . . . . . . . .  	L NEAR	014F	CODE
DIRMES . . . . . . . . . . . . .  	L BYTE 	04BB	CONST
DIRPRI . . . . . . . . . . . . .  	Number	000F	
DIRSIZ . . . . . . . . . . . . .  	V WORD 	0000	CONST	External
DIRSTRLEN  . . . . . . . . . . .  	Number	0040	
DIR_SEARCH_FIRST . . . . . . . .  	Number	0011	
DIR_SEARCH_NEXT  . . . . . . . .  	Number	0012	
DISK_RESET . . . . . . . . . . .  	Number	000D	
DISP16BITS . . . . . . . . . . .  	L NEAR	0000	CODE	External
DISP32BITS . . . . . . . . . . .  	L NEAR	0000	CODE	External
DISPCLUS . . . . . . . . . . . .  	L NEAR	0000	CODE	External
DOCRLF . . . . . . . . . . . . .  	L NEAR	0000	CODE	External
DOFIX  . . . . . . . . . . . . .  	V BYTE 	0000	CONST	External
DOINT26  . . . . . . . . . . . .  	L NEAR	0000	CODE	Global
DOS_MAJOR_VERSION  . . . . . . .  	Number	0002	
DOS_MINOR_VERSION  . . . . . . .  	Number	000B	
DPBSIZ . . . . . . . . . . . . .  	Number	005E	
DRVMES . . . . . . . . . . . . .  	L BYTE 	018F	CONST
DSIZE  . . . . . . . . . . . . .  	V WORD 	0000	DATA	External
DSKERR . . . . . . . . . . . . .  	L NEAR	0021	CODE
DSKSIZ . . . . . . . . . . . . .  	Number	000D	
DSKSPC . . . . . . . . . . . . .  	L BYTE 	0441	CONST
DUP2_INVALID_HANDLE  . . . . . .  	Alias	 ERROR_INVALID_HANDLE		
DUP_INVALID_HANDLE . . . . . . .  	Alias	 ERROR_INVALID_HANDLE		
DUP_PDB  . . . . . . . . . . . .  	Number	0055	
DUP_TOO_MANY_OPEN_FILES  . . . .  	Alias	 ERROR_TOO_MANY_OPEN_FILES		

EEXIT  . . . . . . . . . . . . .  	L NEAR	0071	CODE
EEXITNZ  . . . . . . . . . . . .  	L NEAR	006F	CODE
ENTRYPOINT . . . . . . . . . . .  	Number	00C0	
ERR0 . . . . . . . . . . . . . .  	L BYTE 	01B4	CONST
ERR1 . . . . . . . . . . . . . .  	L BYTE 	01C2	CONST
ERR10  . . . . . . . . . . . . .  	L BYTE 	0222	CONST
ERR11  . . . . . . . . . . . . .  	L BYTE 	022E	CONST
ERR12  . . . . . . . . . . . . .  	L BYTE 	0239	CONST
ERR2 . . . . . . . . . . . . . .  	L BYTE 	01CB	CONST
ERR3 . . . . . . . . . . . . . .  	L BYTE 	01D5	CONST
ERR4 . . . . . . . . . . . . . .  	L BYTE 	01E1	CONST
ERR5 . . . . . . . . . . . . . .  	L BYTE 	01E6	CONST
ERR6 . . . . . . . . . . . . . .  	L BYTE 	01F6	CONST
ERR7 . . . . . . . . . . . . . .  	L BYTE 	01FB	CONST
Microsoft (R) Macro Assembler  Version 4.00                 3/27/20 07:52:50

CHKDSK Messages                                             Symbols-8
                                                             

ERR8 . . . . . . . . . . . . . .  	L BYTE 	0208	CONST
ERR9 . . . . . . . . . . . . . .  	L BYTE 	0219	CONST
ERRMES . . . . . . . . . . . . .  	L BYTE 	0187	CONST
ERROR_ACCESS_DENIED  . . . . . .  	Number	0005	
ERROR_ARENA_TRASHED  . . . . . .  	Number	0007	
ERROR_BAD_ENVIRONMENT  . . . . .  	Number	000A	
ERROR_BAD_FORMAT . . . . . . . .  	Number	000B	
ERROR_CURRENT_DIRECTORY  . . . .  	Number	0010	
ERROR_FILE_NOT_FOUND . . . . . .  	Number	0002	
ERROR_INVALID_ACCESS . . . . . .  	Number	000C	
ERROR_INVALID_BLOCK  . . . . . .  	Number	0009	
ERROR_INVALID_DATA . . . . . . .  	Number	000D	
ERROR_INVALID_DRIVE  . . . . . .  	Number	000F	
ERROR_INVALID_FUNCTION . . . . .  	Number	0001	
ERROR_INVALID_HANDLE . . . . . .  	Number	0006	
ERROR_NOT_ENOUGH_MEMORY  . . . .  	Number	0008	
ERROR_NOT_SAME_DEVICE  . . . . .  	Number	0011	
ERROR_NO_MORE_FILES  . . . . . .  	Number	0012	
ERROR_PATH_NOT_FOUND . . . . . .  	Number	0003	
ERROR_TOO_MANY_OPEN_FILES  . . .  	Number	0004	
EXEC . . . . . . . . . . . . . .  	Number	004B	
EXEC_BAD_ENVIRONMENT . . . . . .  	Alias	 ERROR_BAD_ENVIRONMENT		
EXEC_BAD_FORMAT  . . . . . . . .  	Alias	 ERROR_BAD_FORMAT		
EXEC_FILE_NOT_FOUND  . . . . . .  	Alias	 ERROR_FILE_NOT_FOUND		
EXEC_FUNC_NO_EXECUTE . . . . . .  	Number	0001	
EXEC_FUNC_OVERLAY  . . . . . . .  	Number	0002	
EXEC_INVALID_FUNCTION  . . . . .  	Alias	 ERROR_INVALID_FUNCTION		
EXEC_NOT_ENOUGH_MEMORY . . . . .  	Alias	 ERROR_NOT_ENOUGH_MEMORY		
EXE_VALID_OLD_SIGNATURE  . . . .  	Number	4D5A	
EXE_VALID_SIGNATURE  . . . . . .  	Number	5A4D	
EXIT . . . . . . . . . . . . . .  	Number	004C	
EXIT_ABORT . . . . . . . . . . .  	Number	0000	
EXIT_CTRL_C  . . . . . . . . . .  	Number	0001	
EXIT_HARD_ERROR  . . . . . . . .  	Number	0002	
EXIT_KEEP_PROCESS  . . . . . . .  	Number	0003	
EXIT_TERMINATE . . . . . . . . .  	Number	0000	
EXTENTS  . . . . . . . . . . . .  	L BYTE 	051A	CONST	Global

FALSE  . . . . . . . . . . . . .  	Number	0000	
FATALMES . . . . . . . . . . . .  	L BYTE 	0106	CONST	Global
FATPRI . . . . . . . . . . . . .  	Number	001E	
FCB_CLOSE  . . . . . . . . . . .  	Number	0010	
FCB_CREATE . . . . . . . . . . .  	Number	0016	
FCB_DELETE . . . . . . . . . . .  	Number	0013	
FCB_OPEN . . . . . . . . . . . .  	Number	000F	
FCB_RANDOM_READ  . . . . . . . .  	Number	0021	
FCB_RANDOM_READ_BLOCK  . . . . .  	Number	0027	
FCB_RANDOM_WRITE . . . . . . . .  	Number	0022	
FCB_RANDOM_WRITE_BLOCK . . . . .  	Number	0028	
FCB_RENAME . . . . . . . . . . .  	Number	0017	
FCB_SEQ_READ . . . . . . . . . .  	Number	0014	
FCB_SEQ_WRITE  . . . . . . . . .  	Number	0015	
FILCNT . . . . . . . . . . . . .  	V WORD 	0000	CONST	External
FILDIRENT  . . . . . . . . . . .  	Number	0010	
Microsoft (R) Macro Assembler  Version 4.00                 3/27/20 07:52:50

CHKDSK Messages                                             Symbols-9
                                                             

FILEMES  . . . . . . . . . . . .  	L BYTE 	0485	CONST
FILETIMES_INVALID_FUNCTION . . .  	Alias	 ERROR_INVALID_FUNCTION		
FILETIMES_INVALID_HANDLE . . . .  	Alias	 ERROR_INVALID_HANDLE		
FILE_TIMES . . . . . . . . . . .  	Number	0057	
FILPERPROC . . . . . . . . . . .  	Number	0014	
FILSIZ . . . . . . . . . . . . .  	V WORD 	0000	CONST	External
FINDCHAIN  . . . . . . . . . . .  	L NEAR	0000	CODE	External
FINDFIRST_FILE_NOT_FOUND . . . .  	Alias	 ERROR_FILE_NOT_FOUND		
FINDFIRST_NO_MORE_FILES  . . . .  	Alias	 ERROR_NO_MORE_FILES		
FINDNEXT_NO_MORE_FILES . . . . .  	Alias	 ERROR_NO_MORE_FILES		
FIND_FIRST . . . . . . . . . . .  	Number	004E	
FIND_NEXT  . . . . . . . . . . .  	Number	004F	
FIXMES . . . . . . . . . . . . .  	L BYTE 	05D1	CONST	Global
FREEBYMESF_POST  . . . . . . . .  	L BYTE 	0664	CONST	Global
FREEBYMESF_PRE . . . . . . . . .  	L BYTE 	067E	CONST	Global
FREEBYMES_POST . . . . . . . . .  	L BYTE 	067F	CONST	Global
FREEBYMES_PRE  . . . . . . . . .  	L BYTE 	06AD	CONST	Global
FREEMES  . . . . . . . . . . . .  	L BYTE 	0410	CONST	Global
FREEPRI  . . . . . . . . . . . .  	Number	0000	
FREMEM . . . . . . . . . . . . .  	L BYTE 	04FD	CONST
FRESPC . . . . . . . . . . . . .  	L BYTE 	04CA	CONST

GETEXTENDEDERROR . . . . . . . .  	Number	0059	
GET_CURRENT_PDB  . . . . . . . .  	Number	0051	
GET_DATE . . . . . . . . . . . .  	Number	002A	
GET_DEFAULT_DPB  . . . . . . . .  	Number	001F	
GET_DEFAULT_DRIVE  . . . . . . .  	Number	0019	
GET_DMA  . . . . . . . . . . . .  	Number	002F	
GET_DPB  . . . . . . . . . . . .  	Number	0032	
GET_DRIVE_FREESPACE  . . . . . .  	Number	0036	
GET_FCB_FILE_LENGTH  . . . . . .  	Number	0023	
GET_FCB_POSITION . . . . . . . .  	Number	0024	
GET_INDOS_FLAG . . . . . . . . .  	Number	0034	
GET_INTERRUPT_VECTOR . . . . . .  	Number	0035	
GET_IN_VARS  . . . . . . . . . .  	Number	0052	
GET_TIME . . . . . . . . . . . .  	Number	002C	
GET_VERIFY_ON_WRITE  . . . . . .  	Number	0054	
GET_VERSION  . . . . . . . . . .  	Number	0030	
GOTANS . . . . . . . . . . . . .  	L NEAR	00A4	CODE
GOTNANS  . . . . . . . . . . . .  	L NEAR	00A2	CODE

HAVCOD . . . . . . . . . . . . .  	L NEAR	0030	CODE
HECODE . . . . . . . . . . . . .  	V BYTE 	0000	CONST	External
HIDCNT . . . . . . . . . . . . .  	V WORD 	0000	CONST	External
HIDMES . . . . . . . . . . . . .  	L BYTE 	04AB	CONST
HIDSIZ . . . . . . . . . . . . .  	V WORD 	0000	CONST	External

IDMES1 . . . . . . . . . . . . .  	L BYTE 	0332	CONST	Global
IDPOST . . . . . . . . . . . . .  	L BYTE 	032F	CONST	Global
INDENT . . . . . . . . . . . . .  	L BYTE 	055C	CONST	Global
INMES  . . . . . . . . . . . . .  	L BYTE 	045B	CONST
INMES2 . . . . . . . . . . . . .  	L BYTE 	0466	CONST
INTBASE  . . . . . . . . . . . .  	Number	0080	
INTERNATIONAL  . . . . . . . . .  	Number	0038	
Microsoft (R) Macro Assembler  Version 4.00                 3/27/20 07:52:50

CHKDSK Messages                                             Symbols-10
                                                             

INTERNATIONAL_INVALID_FUNCTION .  	Alias	 ERROR_INVALID_FUNCTION		
INTERNAT_BLOCK_MAX . . . . . . .  	Number	0020	
INTTAB . . . . . . . . . . . . .  	Number	0020	
INT_ABORT  . . . . . . . . . . .  	Alias	 INTTAB		
INT_COMMAND  . . . . . . . . . .  	Number	0021	
INT_CTRL_C . . . . . . . . . . .  	Number	0023	
INT_DISK_READ  . . . . . . . . .  	Number	0025	
INT_DISK_WRITE . . . . . . . . .  	Number	0026	
INT_FASTCON  . . . . . . . . . .  	Number	0029	
INT_FATAL_ABORT  . . . . . . . .  	Number	0024	
INT_KEEP_PROCESS . . . . . . . .  	Number	0027	
INT_SPOOLER  . . . . . . . . . .  	Number	0028	
INT_TERMINATE  . . . . . . . . .  	Number	0022	
IOCTL  . . . . . . . . . . . . .  	Number	0044	
IOCTL_INVALID_DATA . . . . . . .  	Alias	 ERROR_INVALID_DATA		
IOCTL_INVALID_FUNCTION . . . . .  	Alias	 ERROR_INVALID_FUNCTION		
IOCTL_INVALID_HANDLE . . . . . .  	Alias	 ERROR_INVALID_HANDLE		

KEEP_PROCESS . . . . . . . . . .  	Number	0031	

LBRPRI . . . . . . . . . . . . .  	Number	0002	
LBWPRI . . . . . . . . . . . . .  	Number	0004	
LCLUS  . . . . . . . . . . . . .  	V WORD 	0000	CONST	External
LOCKOPER . . . . . . . . . . . .  	Number	005C	
LSEEK  . . . . . . . . . . . . .  	Number	0042	
LSEEK_INVALID_FUNCTION . . . . .  	Alias	 ERROR_INVALID_FUNCTION		
LSEEK_INVALID_HANDLE . . . . . .  	Alias	 ERROR_INVALID_HANDLE		

MESBAS . . . . . . . . . . . . .  	L WORD 	0000	CONST
MI_INT . . . . . . . . . . . . .  	Number	00CD	
MI_LONG_CALL . . . . . . . . . .  	Number	009A	
MI_LONG_JMP  . . . . . . . . . .  	Number	00EA	
MI_LONG_RET  . . . . . . . . . .  	Number	00CB	
MKDIR  . . . . . . . . . . . . .  	Number	0039	
MKDIR_ACCESS_DENIED  . . . . . .  	Alias	 ERROR_ACCESS_DENIED		
MKDIR_PATH_NOT_FOUND . . . . . .  	Alias	 ERROR_PATH_NOT_FOUND		
MONTAB . . . . . . . . . . . . .  	L BYTE 	034F	CONST	Global
MORESCAN . . . . . . . . . . . .  	L NEAR	00B5	CODE

NDOTMES  . . . . . . . . . . . .  	L BYTE 	023E	CONST	Global
NOEXTENTS  . . . . . . . . . . .  	L BYTE 	0534	CONST	Global
NOISY  . . . . . . . . . . . . .  	V BYTE 	0000	CONST	External
NORECDDOT  . . . . . . . . . . .  	L BYTE 	0314	CONST	Global
NORECDOT . . . . . . . . . . . .  	L BYTE 	02E1	CONST	Global
NO_ERROR_OCCURRED  . . . . . . .  	Text  0                                                              ?		
NULDMES  . . . . . . . . . . . .  	L BYTE 	028F	CONST	Global
NULNZ  . . . . . . . . . . . . .  	L BYTE 	0253	CONST	Global

OEM_C1 . . . . . . . . . . . . .  	Number	00F9	
OEM_C2 . . . . . . . . . . . . .  	Number	00FA	
OEM_C3 . . . . . . . . . . . . .  	Number	00FB	
OEM_C4 . . . . . . . . . . . . .  	Number	00FC	
OEM_C5 . . . . . . . . . . . . .  	Number	00FD	
OEM_C6 . . . . . . . . . . . . .  	Number	00FE	
Microsoft (R) Macro Assembler  Version 4.00                 3/27/20 07:52:50

CHKDSK Messages                                             Symbols-11
                                                             

OEM_C7 . . . . . . . . . . . . .  	Number	00FF	
OPEN . . . . . . . . . . . . . .  	Number	003D	
OPEN_ACCESS_DENIED . . . . . . .  	Alias	 ERROR_ACCESS_DENIED		
OPEN_FILE_NOT_FOUND  . . . . . .  	Alias	 ERROR_FILE_NOT_FOUND		
OPEN_FOR_BOTH  . . . . . . . . .  	Number	0002	
OPEN_FOR_READ  . . . . . . . . .  	Number	0000	
OPEN_FOR_WRITE . . . . . . . . .  	Number	0001	
OPEN_INVALID_ACCESS  . . . . . .  	Alias	 ERROR_INVALID_ACCESS		
OPEN_TOO_MANY_OPEN_FILES . . . .  	Alias	 ERROR_TOO_MANY_OPEN_FILES		
OPNERR . . . . . . . . . . . . .  	L BYTE 	06FD	CONST	Global
ORPHCNT  . . . . . . . . . . . .  	V WORD 	0000	CONST	External
ORPHLIN  . . . . . . . . . . . .  	L NEAR	016B	CODE
ORPHMES  . . . . . . . . . . . .  	L BYTE 	042E	CONST
ORPHMES2 . . . . . . . . . . . .  	L BYTE 	03EC	CONST
ORPHSIZ  . . . . . . . . . . . .  	V WORD 	0000	CONST	External

PAGAIN . . . . . . . . . . . . .  	L NEAR	007C	CODE
PARSE_FILE_DESCRIPTOR  . . . . .  	Number	0029	
PRINT  . . . . . . . . . . . . .  	L NEAR	0000	CODE	External
PROMPTYN . . . . . . . . . . . .  	L NEAR	0078	CODE	Global
PRTCHR . . . . . . . . . . . . .  	L NEAR	0000	CODE	External
PTRANDIR . . . . . . . . . . . .  	L BYTE 	058D	CONST	Global
PTRANDIR2  . . . . . . . . . . .  	L BYTE 	05B3	CONST	Global

RAW_CON_INPUT  . . . . . . . . .  	Number	0007	
RAW_CON_IO . . . . . . . . . . .  	Number	0006	
RDONE  . . . . . . . . . . . . .  	L NEAR	0000	CODE	External
RDSKERR  . . . . . . . . . . . .  	L NEAR	0019	CODE	Global
READ . . . . . . . . . . . . . .  	Number	003F	
READING  . . . . . . . . . . . .  	L BYTE 	017D	CONST
READ_ACCESS_DENIED . . . . . . .  	Alias	 ERROR_ACCESS_DENIED		
READ_INVALID_HANDLE  . . . . . .  	Alias	 ERROR_INVALID_HANDLE		
RENAME . . . . . . . . . . . . .  	Number	0056	
RENAME_ACCESS_DENIED . . . . . .  	Alias	 ERROR_ACCESS_DENIED		
RENAME_FILE_NOT_FOUND  . . . . .  	Alias	 ERROR_FILE_NOT_FOUND		
RENAME_NOT_SAME_DEVICE . . . . .  	Alias	 ERROR_NOT_SAME_DEVICE		
REPORT . . . . . . . . . . . . .  	L NEAR	010E	CODE	Global
REQUEST  . . . . . . . . . . . .  	L BYTE 	019D	CONST
RET10  . . . . . . . . . . . . .  	L NEAR	00F5	CODE
RET23  . . . . . . . . . . . . .  	L NEAR	0018	CODE
RMDIR  . . . . . . . . . . . . .  	Number	003A	
RMDIR_ACCESS_DENIED  . . . . . .  	Alias	 ERROR_ACCESS_DENIED		
RMDIR_CURRENT_DIRECTORY  . . . .  	Alias	 ERROR_CURRENT_DIRECTORY		
RMDIR_PATH_NOT_FOUND . . . . . .  	Alias	 ERROR_PATH_NOT_FOUND		
RPRI . . . . . . . . . . . . . .  	Number	0006	

SERVERCALL . . . . . . . . . . .  	Number	005D	
SETBLOCK . . . . . . . . . . . .  	Number	004A	
SETBLOCK_ARENA_TRASHED . . . . .  	Alias	 ERROR_ARENA_TRASHED		
SETBLOCK_INVALID_BLOCK . . . . .  	Alias	 ERROR_INVALID_BLOCK		
SETBLOCK_INVALID_FUNCTION  . . .  	Alias	 ERROR_INVALID_FUNCTION		
SETBLOCK_NOT_ENOUGH_MEMORY . . .  	Alias	 ERROR_NOT_ENOUGH_MEMORY		
SETDPB . . . . . . . . . . . . .  	Number	0053	
SETNOISY . . . . . . . . . . . .  	L NEAR	00D6	CODE
Microsoft (R) Macro Assembler  Version 4.00                 3/27/20 07:52:50

CHKDSK Messages                                             Symbols-12
                                                             

SETSWITCH  . . . . . . . . . . .  	L NEAR	00A6	CODE	Global
SET_CTRL_C_TRAPPING  . . . . . .  	Number	0033	
SET_CURRENT_PDB  . . . . . . . .  	Number	0050	
SET_DATE . . . . . . . . . . . .  	Number	002B	
SET_DEFAULT_DRIVE  . . . . . . .  	Number	000E	
SET_DMA  . . . . . . . . . . . .  	Number	001A	
SET_INTERRUPT_VECTOR . . . . . .  	Number	0025	
SET_OEM_HANDLER  . . . . . . . .  	Number	00F8	
SET_TIME . . . . . . . . . . . .  	Number	002D	
SET_VERIFY_ON_WRITE  . . . . . .  	Number	002E	
SF_DEFAULT_NUMBER  . . . . . . .  	Number	0005	
STACKMES . . . . . . . . . . . .  	L BYTE 	0149	CONST	Global
STDAUX . . . . . . . . . . . . .  	Number	0003	
STDERR . . . . . . . . . . . . .  	Number	0002	
STDIN  . . . . . . . . . . . . .  	Number	0000	
STDOUT . . . . . . . . . . . . .  	Number	0001	
STDPRN . . . . . . . . . . . . .  	Number	0004	
STD_AUX_INPUT  . . . . . . . . .  	Number	0003	
STD_AUX_OUTPUT . . . . . . . . .  	Number	0004	
STD_CON_INPUT  . . . . . . . . .  	Number	0001	
STD_CON_INPUT_FLUSH  . . . . . .  	Number	000C	
STD_CON_INPUT_NO_ECHO  . . . . .  	Number	0008	
STD_CON_INPUT_STATUS . . . . . .  	Number	000B	
STD_CON_OUTPUT . . . . . . . . .  	Number	0002	
STD_CON_STRING_INPUT . . . . . .  	Number	000A	
STD_CON_STRING_OUTPUT  . . . . .  	Number	0009	
STD_PRINTER_OUTPUT . . . . . . .  	Number	0005	
SWITCHAR . . . . . . . . . . . .  	V BYTE 	0000	CONST	External

TCHAR  . . . . . . . . . . . . .  	L BYTE 	034E	CONST	Global
TOTMEM . . . . . . . . . . . . .  	L BYTE 	04E7	CONST
TRUE . . . . . . . . . . . . . .  	Number	FFFF	

UNLINK . . . . . . . . . . . . .  	Number	0041	
UNLINK_ACCESS_DENIED . . . . . .  	Alias	 ERROR_ACCESS_DENIED		
UNLINK_FILE_NOT_FOUND  . . . . .  	Alias	 ERROR_FILE_NOT_FOUND		
USERIDOPER . . . . . . . . . . .  	Number	005E	
USERLIN  . . . . . . . . . . . .  	L NEAR	0133	CODE

VNAME  . . . . . . . . . . . . .  	L BYTE 	0339	CONST	Global	Length = 000C

WAIT . . . . . . . . . . . . . .  	Number	004D	
WDSKERR  . . . . . . . . . . . .  	L NEAR	001E	CODE	Global
WPRI . . . . . . . . . . . . . .  	Number	0008	
WRITE  . . . . . . . . . . . . .  	Number	0040	
WRITE_ACCESS_DENIED  . . . . . .  	Alias	 ERROR_ACCESS_DENIED		
WRITE_INVALID_HANDLE . . . . . .  	Alias	 ERROR_INVALID_HANDLE		
WRITING  . . . . . . . . . . . .  	L BYTE 	0182	CONST

XDUP . . . . . . . . . . . . . .  	Number	0045	
XDUP2  . . . . . . . . . . . . .  	Number	0046	

YES_NO . . . . . . . . . . . . .  	L BYTE 	0585	CONST

Microsoft (R) Macro Assembler  Version 4.00                 3/27/20 07:52:50

CHKDSK Messages                                             Symbols-13
                                                             


   1713 Source  Lines
   1775 Total   Lines
    626 Symbols

  19360 Bytes symbol space free

      0 Warning Errors
      0 Severe  Errors
