Microsoft (R) Macro Assembler  Version 4.00                 3/27/20 17:39:46

SORT Messages                                               Page     1-1
                                                            

       1                                TITLE   SORT Messages 
       2                                 
       3 = 0000                         false	equ	0 
       4 = FFFF                         true	equ	not	false 
       5 =                              msver	equ	false 
       6 =                              ibm	equ	true 
       7 =                              internat	equ	true 
       8                                 
       9 0000                           CONST   SEGMENT PUBLIC BYTE 
      10                                 
      11                                        PUBLIC  BADVER,ERRMSG,ERRMSG2 
      12                                 
      13 0000  53 4F 52 54 3A 20 49     BADVER  DB      "SORT: Incorrect DOS ve
					rsion",13,10,"$" 
      14       6E 63 6F 72 72 65 63     
      15       74 20 44 4F 53 20 76     
      16       65 72 73 69 6F 6E 0D     
      17       0A 24                    
      18                                 
      19 001E  001B                     ERRMSG  DW      ERRMSG2 - MSG1TXT 
      20 0020  53 4F 52 54 3A 20 49     MSG1TXT DB      "SORT: Insufficient mem
					ory",13,10 
      21       6E 73 75 66 66 69 63     
      22       69 65 6E 74 20 6D 65     
      23       6D 6F 72 79 0D 0A        
      24                                 
      25 003B  011F                     ERRMSG2 DW      ENDTEXT - MSG2TXT 
      26 003D  53 4F 52 54 3A 20 49     MSG2TXT DB      "SORT: Insufficient dis
					k space",13,10 
      27       6E 73 75 66 66 69 63     
      28       69 65 6E 74 20 64 69     
      29       73 6B 20 73 70 61 63     
      30       65 0D 0A                 
      31                                 
      32                                if	internat 
      33                                	public	table 
      34                                ;This table defibes the coalating seque
					nce to be used for 
      35                                ;international characters.  This table 
					also equates 
      36                                ;lower case character to upper case unl
					ike a straight ASCII sort. 
      37                                ;If your character set is like the IBM 
					PC simply turn 
      38                                ;on the IBM conditional.  If it is diff
					erent simply modify the 
      39                                ;table appropriately.  Note: to insert 
					a foreign language character 
      40                                ;between two ASCII characters it will b
					e necessary to 
      41                                ;"shift" all the ASCII characters to ma
					ke room for a new character. 
      42                                ;If this is done be sure to equate the 
					foreign characters to the new 
Microsoft (R) Macro Assembler  Version 4.00                 3/27/20 17:39:46

SORT Messages                                               Page     1-2
                                                            

      43                                ;values instead of the old values which
					 have been set here to the 
      44                                ;upper case ASCII values. 
      45                                 
      46 005C  00 01 02 03 04 05 06     table	db	0,1,2,3,4,5,6,7 
      47       07                       
      48 0064  08 09 0A 0B 0C 0D 0E     	db	8,9,10,11,12,13,14,15 
      49       0F                       
      50 006C  10 11 12 13 14 15 16     	db	16,17,18,19,20,21,22,23 
      51       17                       
      52 0074  18 19 1A 1B 1C 1D 1E     	db	24,25,26,27,28,29,30,31 
      53       1F                       
      54 007C  20 21 22 23 24 25 26     	db	" ","!",'"',"#","$","%","&","'" 
      55       27                       
      56 0084  28 29 2A 2B 2C 2D 2E     	db	"(",")","*","+",",","-",".","/" 
      57       2F                       
      58 008C  30 31 32 33 34 35 36     	db	"0","1","2","3","4","5","6","7" 
      59       37                       
      60 0094  38 39 3A 3B 3C 3D 3E     	db	"8","9",":",";","<","=",">","?" 
      61       3F                       
      62 009C  40 41 42 43 44 45 46     	db	"@","A","B","C","D","E","F","G" 
      63       47                       
      64 00A4  48 49 4A 4B 4C 4D 4E     	db	"H","I","J","K","L","M","N","O" 
      65       4F                       
      66 00AC  50 51 52 53 54 55 56     	db	"P","Q","R","S","T","U","V","W" 
      67       57                       
      68 00B4  58 59 5A 5B 5C 5D 5E     	db	"X","Y","Z","[","\","]","^","_" 
      69       5F                       
      70 00BC  60 41 42 43 44 45 46     	db	"`","A","B","C","D","E","F","G" 
      71       47                       
      72 00C4  48 49 4A 4B 4C 4D 4E     	db	"H","I","J","K","L","M","N","O" 
      73       4F                       
      74 00CC  50 51 52 53 54 55 56     	db	"P","Q","R","S","T","U","V","W" 
      75       57                       
      76 00D4  58 59 5A 7B 7C 7D 7E     	db	"X","Y","Z","{","|","}","~",127 
      77       7F                       
      78                                	endif 
      79                                if	ibm 
      80 00DC  43 55 45 41 41 41 41     	db	"C","U","E","A","A","A","A","C" 
      81       43                       
      82 00E4  45 45 45 49 49 49 41     	db	"E","E","E","I","I","I","A","A" 
      83       41                       
      84 00EC  45 41 41 4F 4F 4F 55     	db	"E","A","A","O","O","O","U","U" 
      85       55                       
      86 00F4  59 4F 55 24 24 24 24     	db	"Y","O","U","$","$","$","$","$" 
      87       24                       
      88 00FC  41 49 4F 55 4E 4E A6     	db	"A","I","O","U","N","N",166,167 
      89       A7                       
      90 0104  3F A9 AA AB AC 21 22     	db	"?",169,170,171,172,"!",'"','"' 
      91       22                       
      92                                	endif 
      93 010C  B0 B1 B2 B3 B4 B5 B6     	db	176,177,178,179,180,181,182,183 
      94       B7                       
      95 0114  B8 B9 BA BB BC BD BE     	db	184,185,186,187,188,189,190,191 
Microsoft (R) Macro Assembler  Version 4.00                 3/27/20 17:39:46

SORT Messages                                               Page     1-3
                                                            

      96       BF                       
      97 011C  C0 C1 C2 C3 C4 C5 C6     	db	192,193,194,195,196,197,198,199 
      98       C7                       
      99 0124  C8 C9 CA CB CC CD CE     	db	200,201,202,203,204,205,206,207 
     100       CF                       
     101 012C  D0 D1 D2 D3 D4 D5 D6     	db	208,209,210,211,212,213,214,215 
     102       D7                       
     103 0134  D8 D9 DA DB DC DD DE     	db	216,217,218,219,220,221,222,223 
     104       DF                       
     105                                if	ibm 
     106 013C  E0 53                    	db	224,"S" 
     107                                endif 
     108                                endif 
     109 013E  E2 E3 E4 E5 E6 E7        	db	226,227,228,229,230,231 
     110 0144  E8 E9 EA EB EC ED EE     	db	232,233,234,235,236,237,238,239 
     111       EF                       
     112 014C  F0 F1 F2 F3 F4 F5 F6     	db	240,241,242,243,244,245,246,247 
     113       F7                       
     114 0154  F8 F9 FA FB FC FD FE     	db	248,249,250,251,252,253,254,255 
     115       FF                       
     116                                	endif 
     117 = 015C                         ENDTEXT EQU     $ 
     118                                 
     119 015C                           CONST   ENDS 
     120                                        END 
Microsoft (R) Macro Assembler  Version 4.00                 3/27/20 17:39:46

SORT Messages                                               Symbols-1
                                                             

Segments and Groups:

                N a m e         	Size	Align	Combine Class

CONST  . . . . . . . . . . . . .  	015C	BYTE	PUBLIC	

Symbols:            

                N a m e         	Type	Value	Attr         

BADVER . . . . . . . . . . . . .  	L BYTE 	0000	CONST	Global

ENDTEXT  . . . . . . . . . . . .  	NEAR 	015C	CONST
ERRMSG . . . . . . . . . . . . .  	L WORD 	001E	CONST	Global
ERRMSG2  . . . . . . . . . . . .  	L WORD 	003B	CONST	Global

FALSE  . . . . . . . . . . . . .  	Number	0000	

IBM  . . . . . . . . . . . . . .  	Alias	 TRUE		
INTERNAT . . . . . . . . . . . .  	Alias	 TRUE		

MSG1TXT  . . . . . . . . . . . .  	L BYTE 	0020	CONST
MSG2TXT  . . . . . . . . . . . .  	L BYTE 	003D	CONST
MSVER  . . . . . . . . . . . . .  	Alias	 FALSE		

TABLE  . . . . . . . . . . . . .  	L BYTE 	005C	CONST	Global
TRUE . . . . . . . . . . . . . .  	Number	FFFF	


     87 Source  Lines
     87 Total   Lines
     34 Symbols

  48936 Bytes symbol space free

      0 Warning Errors
      0 Severe  Errors
