Microsoft (R) Macro Assembler  Version 4.00                 3/27/20 08:29:25

COMMAND Initialization messages                             Page     1-1
                                                            

       1                                TITLE   COMMAND Initialization messages
					 
       2                                 
       3                             C          INCLUDE COMSW.ASM 
       4                             C  ; Use the following booleans to set ass
					embly flags 
       5 = 0000                      C  FALSE   EQU     0 
       6 = FFFF                      C  TRUE    EQU     NOT FALSE 
       7                             C   
       8 =                           C  IBMVER  EQU     false  ; Switch to buil
					d IBM version of Command 
       9 =                           C  IBM     EQU     IBMVER 
      10 =                           C  MSVER   EQU     true   ; Switch to buil
					d MS-DOS version of Command 
      11                             C   
      12 =                           C  HIGHMEM EQU     FALSE   ; Run resident 
					part above transient (high memory) 
      13 =                           C  KANJI   EQU     false   ; Support for d
					ual byte Microsoft KANJI standard 
      14 =                              IBMJAPAN        EQU     FALSE   ;MUST B
					E TRUE (along with IBM and KANJI) 
      15                                 
      16                             C          INCLUDE IFEQU.ASM 
      17                             C  ;************************************* 
      18                             C  ; COMMAND EQUs which are switch dependa
					nt 
      19                             C   
      20                             C  ENDIF 
      21                                 
      22                                 
      23 0000                           INIT    SEGMENT PUBLIC BYTE 
      24                                 
      25                                        PUBLIC  BADCOMLKMES 
      26                                 
      27                                        PUBLIC  HEADER 
      28                                        IF      NOT IBM 
      29 0000  0D 0A 43 6F 6D 6D 61     HEADER  DB      13,10,"Command v. 2.11"
					 
      30       6E 64 20 76 2E 20 32     
      31       2E 31 31                 
      32                                        ENDIF 
      33 0011  0D 0A 24                         DB      13,10,"$" 
      34                                        ENDIF 
      35                                        ENDIF 
      36                                 
      37 0014  53 70 65 63 69 66 69     BADCOMLKMES DB  "Specified COMMAND sear
					ch directory bad",13,10,"$" 
      38       65 64 20 43 4F 4D 4D     
      39       41 4E 44 20 73 65 61     
      40       72 63 68 20 64 69 72     
      41       65 63 74 6F 72 79 20     
      42       62 61 64 0D 0A 24        
      43                                 
      44 003D                           INIT    ENDS 
Microsoft (R) Macro Assembler  Version 4.00                 3/27/20 08:29:25

COMMAND Initialization messages                             Page     1-2
                                                            

      45                                 
      46                                        END 
Microsoft (R) Macro Assembler  Version 4.00                 3/27/20 08:29:25

COMMAND Initialization messages                             Symbols-1
                                                             

Segments and Groups:

                N a m e         	Size	Align	Combine Class

INIT . . . . . . . . . . . . . .  	003D	BYTE	PUBLIC	

Symbols:            

                N a m e         	Type	Value	Attr         

BADCOMLKMES  . . . . . . . . . .  	L BYTE 	0014	INIT	Global

FALSE  . . . . . . . . . . . . .  	Number	0000	

HEADER . . . . . . . . . . . . .  	L BYTE 	0000	INIT	Global
HIGHMEM  . . . . . . . . . . . .  	Alias	 FALSE		

IBM  . . . . . . . . . . . . . .  	Alias	 IBMVER		
IBMJAPAN . . . . . . . . . . . .  	Alias	 FALSE		
IBMVER . . . . . . . . . . . . .  	Alias	 FALSE		

KANJI  . . . . . . . . . . . . .  	Alias	 FALSE		

MSVER  . . . . . . . . . . . . .  	Alias	 TRUE		

TRUE . . . . . . . . . . . . . .  	Number	FFFF	


     57 Source  Lines
     59 Total   Lines
     32 Symbols

  49986 Bytes symbol space free

      0 Warning Errors
      0 Severe  Errors
